CRITICAL - 2024-09-17 00:26:22 --> syntax error, unexpected token ","
#0 C:\xampp\htdocs\bima\system\Autoloader\Autoloader.php(241): CodeIgniter\Autoloader\Autoloader->includeFile('C:\\xampp\\htdocs...')
#1 C:\xampp\htdocs\bima\system\Autoloader\Autoloader.php(219): CodeIgniter\Autoloader\Autoloader->loadInNamespace('App\\Controllers...')
#2 [internal function]: CodeIgniter\Autoloader\Autoloader->loadClass('App\\Controllers...')
#3 C:\xampp\htdocs\bima\system\CodeIgniter.php(797): class_exists('\\App\\Controller...', true)
#4 C:\xampp\htdocs\bima\system\CodeIgniter.php(406): CodeIgniter\CodeIgniter->startController()
#5 C:\xampp\htdocs\bima\system\CodeIgniter.php(326): CodeIgniter\CodeIgniter->handleRequest(NULL, Object(Config\Cache), false)
#6 C:\xampp\htdocs\bima\public\index.php(37): CodeIgniter\CodeIgniter->run()
#7 C:\xampp\htdocs\bima\system\Commands\Server\rewrite.php(43): require_once('C:\\xampp\\htdocs...')
#8 {main}
CRITICAL - 2024-09-17 00:35:31 --> syntax error, unexpected token ","
#0 C:\xampp\htdocs\bima\system\Autoloader\Autoloader.php(241): CodeIgniter\Autoloader\Autoloader->includeFile('C:\\xampp\\htdocs...')
#1 C:\xampp\htdocs\bima\system\Autoloader\Autoloader.php(219): CodeIgniter\Autoloader\Autoloader->loadInNamespace('App\\Controllers...')
#2 [internal function]: CodeIgniter\Autoloader\Autoloader->loadClass('App\\Controllers...')
#3 C:\xampp\htdocs\bima\system\CodeIgniter.php(797): class_exists('\\App\\Controller...', true)
#4 C:\xampp\htdocs\bima\system\CodeIgniter.php(406): CodeIgniter\CodeIgniter->startController()
#5 C:\xampp\htdocs\bima\system\CodeIgniter.php(326): CodeIgniter\CodeIgniter->handleRequest(NULL, Object(Config\Cache), false)
#6 C:\xampp\htdocs\bima\public\index.php(37): CodeIgniter\CodeIgniter->run()
#7 C:\xampp\htdocs\bima\system\Commands\Server\rewrite.php(43): require_once('C:\\xampp\\htdocs...')
#8 {main}
CRITICAL - 2024-09-17 12:46:33 --> Too few arguments to function App\Controllers\Delete::nonDosen(), 2 passed in C:\xampp\htdocs\bima\system\CodeIgniter.php on line 832 and exactly 3 expected
#0 C:\xampp\htdocs\bima\system\CodeIgniter.php(832): App\Controllers\Delete->nonDosen('1', '14')
#1 C:\xampp\htdocs\bima\system\CodeIgniter.php(419): CodeIgniter\CodeIgniter->runController(Object(App\Controllers\Delete))
#2 C:\xampp\htdocs\bima\system\CodeIgniter.php(326): CodeIgniter\CodeIgniter->handleRequest(NULL, Object(Config\Cache), false)
#3 C:\xampp\htdocs\bima\public\index.php(37): CodeIgniter\CodeIgniter->run()
#4 C:\xampp\htdocs\bima\system\Commands\Server\rewrite.php(43): require_once('C:\\xampp\\htdocs...')
#5 {main}
CRITICAL - 2024-09-17 12:54:53 --> Too few arguments to function App\Controllers\Delete::nonDosen(), 2 passed in C:\xampp\htdocs\bima\system\CodeIgniter.php on line 832 and exactly 3 expected
#0 C:\xampp\htdocs\bima\system\CodeIgniter.php(832): App\Controllers\Delete->nonDosen('1', '14')
#1 C:\xampp\htdocs\bima\system\CodeIgniter.php(419): CodeIgniter\CodeIgniter->runController(Object(App\Controllers\Delete))
#2 C:\xampp\htdocs\bima\system\CodeIgniter.php(326): CodeIgniter\CodeIgniter->handleRequest(NULL, Object(Config\Cache), false)
#3 C:\xampp\htdocs\bima\public\index.php(37): CodeIgniter\CodeIgniter->run()
#4 C:\xampp\htdocs\bima\system\Commands\Server\rewrite.php(43): require_once('C:\\xampp\\htdocs...')
#5 {main}
CRITICAL - 2024-09-17 12:55:48 --> Too few arguments to function App\Models\NonDosenMDL::searchAnggota(), 1 passed in C:\xampp\htdocs\bima\app\Controllers\Delete.php on line 42 and exactly 2 expected
#0 C:\xampp\htdocs\bima\app\Controllers\Delete.php(42): App\Models\NonDosenMDL->searchAnggota('1')
#1 C:\xampp\htdocs\bima\app\Controllers\Delete.php(36): App\Controllers\Delete->dataAnggotaNon('1', '1')
#2 C:\xampp\htdocs\bima\system\CodeIgniter.php(832): App\Controllers\Delete->nonDosen('1', '1', '14')
#3 C:\xampp\htdocs\bima\system\CodeIgniter.php(419): CodeIgniter\CodeIgniter->runController(Object(App\Controllers\Delete))
#4 C:\xampp\htdocs\bima\system\CodeIgniter.php(326): CodeIgniter\CodeIgniter->handleRequest(NULL, Object(Config\Cache), false)
#5 C:\xampp\htdocs\bima\public\index.php(37): CodeIgniter\CodeIgniter->run()
#6 C:\xampp\htdocs\bima\system\Commands\Server\rewrite.php(43): require_once('C:\\xampp\\htdocs...')
#7 {main}
CRITICAL - 2024-09-17 12:58:34 --> Too few arguments to function App\Models\NonDosenMDL::searchAnggota(), 1 passed in C:\xampp\htdocs\bima\app\Controllers\Delete.php on line 42 and exactly 2 expected
#0 C:\xampp\htdocs\bima\app\Controllers\Delete.php(42): App\Models\NonDosenMDL->searchAnggota('1')
#1 C:\xampp\htdocs\bima\app\Controllers\Delete.php(36): App\Controllers\Delete->dataAnggotaNon('1', '1')
#2 C:\xampp\htdocs\bima\system\CodeIgniter.php(832): App\Controllers\Delete->nonDosen('1', '1', '15')
#3 C:\xampp\htdocs\bima\system\CodeIgniter.php(419): CodeIgniter\CodeIgniter->runController(Object(App\Controllers\Delete))
#4 C:\xampp\htdocs\bima\system\CodeIgniter.php(326): CodeIgniter\CodeIgniter->handleRequest(NULL, Object(Config\Cache), false)
#5 C:\xampp\htdocs\bima\public\index.php(37): CodeIgniter\CodeIgniter->run()
#6 C:\xampp\htdocs\bima\system\Commands\Server\rewrite.php(43): require_once('C:\\xampp\\htdocs...')
#7 {main}
CRITICAL - 2024-09-17 13:11:53 --> Too few arguments to function App\Models\NonDosenMDL::searchAnggota(), 1 passed in C:\xampp\htdocs\bima\app\Controllers\Delete.php on line 42 and exactly 2 expected
#0 C:\xampp\htdocs\bima\app\Controllers\Delete.php(42): App\Models\NonDosenMDL->searchAnggota('1')
#1 C:\xampp\htdocs\bima\app\Controllers\Delete.php(36): App\Controllers\Delete->dataAnggotaNon('1', '1')
#2 C:\xampp\htdocs\bima\system\CodeIgniter.php(832): App\Controllers\Delete->nonDosen('1', '1', '16')
#3 C:\xampp\htdocs\bima\system\CodeIgniter.php(419): CodeIgniter\CodeIgniter->runController(Object(App\Controllers\Delete))
#4 C:\xampp\htdocs\bima\system\CodeIgniter.php(326): CodeIgniter\CodeIgniter->handleRequest(NULL, Object(Config\Cache), false)
#5 C:\xampp\htdocs\bima\public\index.php(37): CodeIgniter\CodeIgniter->run()
#6 C:\xampp\htdocs\bima\system\Commands\Server\rewrite.php(43): require_once('C:\\xampp\\htdocs...')
#7 {main}
ERROR - 2024-09-17 13:24:04 --> You have an error in your SQL syntax; check the manual that corresponds to your MariaDB server version for the right syntax to use near ':0:
AND 1 = :1:
AND `dosen_id` = :dosen_id:
AND `dosen_id` = :dosen_id.1:' at line 3
CRITICAL - 2024-09-17 13:24:04 --> You have an error in your SQL syntax; check the manual that corresponds to your MariaDB server version for the right syntax to use near ':0:
AND 1 = :1:
AND `dosen_id` = :dosen_id:
AND `dosen_id` = :dosen_id.1:' at line 3
#0 C:\xampp\htdocs\bima\system\Database\MySQLi\Connection.php(292): mysqli->query('SELECT *\nFROM `...', 0)
#1 C:\xampp\htdocs\bima\system\Database\BaseConnection.php(670): CodeIgniter\Database\MySQLi\Connection->execute('SELECT *\nFROM `...')
#2 C:\xampp\htdocs\bima\system\Database\BaseConnection.php(598): CodeIgniter\Database\BaseConnection->simpleQuery('SELECT *\nFROM `...')
#3 C:\xampp\htdocs\bima\system\Database\BaseBuilder.php(1455): CodeIgniter\Database\BaseConnection->query('SELECT *\nFROM `...', Array, false)
#4 C:\xampp\htdocs\bima\system\Model.php(183): CodeIgniter\Database\BaseBuilder->get()
#5 C:\xampp\htdocs\bima\system\BaseModel.php(584): CodeIgniter\Model->doFindAll(0, 0)
#6 C:\xampp\htdocs\bima\app\Models\AnggotaMDL.php(32): CodeIgniter\BaseModel->findAll()
#7 C:\xampp\htdocs\bima\app\Controllers\User.php(96): App\Models\AnggotaMDL->copyTable(Object(CodeIgniter\Database\MySQLi\Connection), 'anggota_dosen_1', '1', '1')
#8 C:\xampp\htdocs\bima\system\CodeIgniter.php(832): App\Controllers\User->inpl('1', '1')
#9 C:\xampp\htdocs\bima\system\CodeIgniter.php(419): CodeIgniter\CodeIgniter->runController(Object(App\Controllers\User))
#10 C:\xampp\htdocs\bima\system\CodeIgniter.php(326): CodeIgniter\CodeIgniter->handleRequest(NULL, Object(Config\Cache), false)
#11 C:\xampp\htdocs\bima\public\index.php(37): CodeIgniter\CodeIgniter->run()
#12 C:\xampp\htdocs\bima\system\Commands\Server\rewrite.php(43): require_once('C:\\xampp\\htdocs...')
#13 {main}
CRITICAL - 2024-09-17 13:26:10 --> Too few arguments to function App\Models\SubstansiMDL::searchSubstansi(), 1 passed in C:\xampp\htdocs\bima\app\Controllers\User.php on line 98 and exactly 2 expected
#0 C:\xampp\htdocs\bima\app\Controllers\User.php(98): App\Models\SubstansiMDL->searchSubstansi('1')
#1 C:\xampp\htdocs\bima\system\CodeIgniter.php(832): App\Controllers\User->inpl('1', '1')
#2 C:\xampp\htdocs\bima\system\CodeIgniter.php(419): CodeIgniter\CodeIgniter->runController(Object(App\Controllers\User))
#3 C:\xampp\htdocs\bima\system\CodeIgniter.php(326): CodeIgniter\CodeIgniter->handleRequest(NULL, Object(Config\Cache), false)
#4 C:\xampp\htdocs\bima\public\index.php(37): CodeIgniter\CodeIgniter->run()
#5 C:\xampp\htdocs\bima\system\Commands\Server\rewrite.php(43): require_once('C:\\xampp\\htdocs...')
#6 {main}
