ERROR - 2024-09-14 07:14:59 --> Unknown column 'penelitian_id1' in 'where clause'
CRITICAL - 2024-09-14 07:14:59 --> Unknown column 'penelitian_id1' in 'where clause'
#0 C:\xampp\htdocs\bima\system\Database\MySQLi\Connection.php(292): mysqli->query('SELECT * FROM a...', 0)
#1 C:\xampp\htdocs\bima\system\Database\BaseConnection.php(670): CodeIgniter\Database\MySQLi\Connection->execute('SELECT * FROM a...')
#2 C:\xampp\htdocs\bima\system\Database\BaseConnection.php(598): CodeIgniter\Database\BaseConnection->simpleQuery('SELECT * FROM a...')
#3 C:\xampp\htdocs\bima\app\Views\detail\detpl.php(76): CodeIgniter\Database\BaseConnection->query('SELECT * FROM a...')
#4 C:\xampp\htdocs\bima\system\View\View.php(210): include('C:\\xampp\\htdocs...')
#5 C:\xampp\htdocs\bima\system\View\View.php(213): CodeIgniter\View\View->CodeIgniter\View\{closure}()
#6 C:\xampp\htdocs\bima\system\Common.php(1089): CodeIgniter\View\View->render('detail/detpl', Array, true)
#7 C:\xampp\htdocs\bima\app\Controllers\User.php(84): view('detail/detpl', Array)
#8 C:\xampp\htdocs\bima\system\CodeIgniter.php(832): App\Controllers\User->detpl('1')
#9 C:\xampp\htdocs\bima\system\CodeIgniter.php(419): CodeIgniter\CodeIgniter->runController(Object(App\Controllers\User))
#10 C:\xampp\htdocs\bima\system\CodeIgniter.php(326): CodeIgniter\CodeIgniter->handleRequest(NULL, Object(Config\Cache), false)
#11 C:\xampp\htdocs\bima\public\index.php(37): CodeIgniter\CodeIgniter->run()
#12 C:\xampp\htdocs\bima\system\Commands\Server\rewrite.php(43): require_once('C:\\xampp\\htdocs...')
#13 {main}
CRITICAL - 2024-09-14 08:40:33 --> Undefined variable $penelitian
#0 C:\xampp\htdocs\bima\app\Controllers\User.php(93): CodeIgniter\Debug\Exceptions->errorHandler(2, 'Undefined varia...', 'C:\\xampp\\htdocs...', 93)
#1 C:\xampp\htdocs\bima\system\CodeIgniter.php(832): App\Controllers\User->inpl('1')
#2 C:\xampp\htdocs\bima\system\CodeIgniter.php(419): CodeIgniter\CodeIgniter->runController(Object(App\Controllers\User))
#3 C:\xampp\htdocs\bima\system\CodeIgniter.php(326): CodeIgniter\CodeIgniter->handleRequest(NULL, Object(Config\Cache), false)
#4 C:\xampp\htdocs\bima\public\index.php(37): CodeIgniter\CodeIgniter->run()
#5 C:\xampp\htdocs\bima\system\Commands\Server\rewrite.php(43): require_once('C:\\xampp\\htdocs...')
#6 {main}
CRITICAL - 2024-09-14 09:29:23 --> Unclosed '{' on line 77
#0 C:\xampp\htdocs\bima\system\View\View.php(213): CodeIgniter\View\View->CodeIgniter\View\{closure}()
#1 C:\xampp\htdocs\bima\system\Common.php(1089): CodeIgniter\View\View->render('detail/inpl', Array, true)
#2 C:\xampp\htdocs\bima\app\Controllers\User.php(114): view('detail/inpl', Array)
#3 C:\xampp\htdocs\bima\system\CodeIgniter.php(832): App\Controllers\User->inpl('1')
#4 C:\xampp\htdocs\bima\system\CodeIgniter.php(419): CodeIgniter\CodeIgniter->runController(Object(App\Controllers\User))
#5 C:\xampp\htdocs\bima\system\CodeIgniter.php(326): CodeIgniter\CodeIgniter->handleRequest(NULL, Object(Config\Cache), false)
#6 C:\xampp\htdocs\bima\public\index.php(37): CodeIgniter\CodeIgniter->run()
#7 C:\xampp\htdocs\bima\system\Commands\Server\rewrite.php(43): require_once('C:\\xampp\\htdocs...')
#8 {main}
CRITICAL - 2024-09-14 11:33:44 --> Undefined variable $nonDosen
#0 C:\xampp\htdocs\bima\app\Views\detail\inpl.php(166): CodeIgniter\Debug\Exceptions->errorHandler(2, 'Undefined varia...', 'C:\\xampp\\htdocs...', 166)
#1 C:\xampp\htdocs\bima\system\View\View.php(210): include('C:\\xampp\\htdocs...')
#2 C:\xampp\htdocs\bima\system\View\View.php(213): CodeIgniter\View\View->CodeIgniter\View\{closure}()
#3 C:\xampp\htdocs\bima\system\Common.php(1089): CodeIgniter\View\View->render('detail/inpl', Array, true)
#4 C:\xampp\htdocs\bima\app\Controllers\Delete.php(36): view('detail/inpl', Array)
#5 C:\xampp\htdocs\bima\system\CodeIgniter.php(832): App\Controllers\Delete->anggotaDosen('1', '8')
#6 C:\xampp\htdocs\bima\system\CodeIgniter.php(419): CodeIgniter\CodeIgniter->runController(Object(App\Controllers\Delete))
#7 C:\xampp\htdocs\bima\system\CodeIgniter.php(326): CodeIgniter\CodeIgniter->handleRequest(NULL, Object(Config\Cache), false)
#8 C:\xampp\htdocs\bima\public\index.php(37): CodeIgniter\CodeIgniter->run()
#9 C:\xampp\htdocs\bima\system\Commands\Server\rewrite.php(43): require_once('C:\\xampp\\htdocs...')
#10 {main}
CRITICAL - 2024-09-14 12:59:05 --> Undefined array key "nidn"
#0 C:\xampp\htdocs\bima\app\Views\detail\inpl.php(189): CodeIgniter\Debug\Exceptions->errorHandler(2, 'Undefined array...', 'C:\\xampp\\htdocs...', 189)
#1 C:\xampp\htdocs\bima\system\View\View.php(210): include('C:\\xampp\\htdocs...')
#2 C:\xampp\htdocs\bima\system\View\View.php(213): CodeIgniter\View\View->CodeIgniter\View\{closure}()
#3 C:\xampp\htdocs\bima\system\Common.php(1089): CodeIgniter\View\View->render('detail/inpl', Array, true)
#4 C:\xampp\htdocs\bima\app\Controllers\User.php(114): view('detail/inpl', Array)
#5 C:\xampp\htdocs\bima\system\CodeIgniter.php(832): App\Controllers\User->inpl('1')
#6 C:\xampp\htdocs\bima\system\CodeIgniter.php(419): CodeIgniter\CodeIgniter->runController(Object(App\Controllers\User))
#7 C:\xampp\htdocs\bima\system\CodeIgniter.php(326): CodeIgniter\CodeIgniter->handleRequest(NULL, Object(Config\Cache), false)
#8 C:\xampp\htdocs\bima\public\index.php(37): CodeIgniter\CodeIgniter->run()
#9 C:\xampp\htdocs\bima\system\Commands\Server\rewrite.php(43): require_once('C:\\xampp\\htdocs...')
#10 {main}
CRITICAL - 2024-09-14 13:00:55 --> Call to undefined method App\Models\NonDosenMDL::del
#0 C:\xampp\htdocs\bima\app\Controllers\Delete.php(33): CodeIgniter\Model->__call('del', Array)
#1 C:\xampp\htdocs\bima\system\CodeIgniter.php(832): App\Controllers\Delete->nonDosen('1', '8')
#2 C:\xampp\htdocs\bima\system\CodeIgniter.php(419): CodeIgniter\CodeIgniter->runController(Object(App\Controllers\Delete))
#3 C:\xampp\htdocs\bima\system\CodeIgniter.php(326): CodeIgniter\CodeIgniter->handleRequest(NULL, Object(Config\Cache), false)
#4 C:\xampp\htdocs\bima\public\index.php(37): CodeIgniter\CodeIgniter->run()
#5 C:\xampp\htdocs\bima\system\Commands\Server\rewrite.php(43): require_once('C:\\xampp\\htdocs...')
#6 {main}
CRITICAL - 2024-09-14 13:03:14 --> Call to undefined method App\Models\NonDosenMDL::del
#0 C:\xampp\htdocs\bima\app\Controllers\Delete.php(33): CodeIgniter\Model->__call('del', Array)
#1 C:\xampp\htdocs\bima\system\CodeIgniter.php(832): App\Controllers\Delete->nonDosen('1', '8')
#2 C:\xampp\htdocs\bima\system\CodeIgniter.php(419): CodeIgniter\CodeIgniter->runController(Object(App\Controllers\Delete))
#3 C:\xampp\htdocs\bima\system\CodeIgniter.php(326): CodeIgniter\CodeIgniter->handleRequest(NULL, Object(Config\Cache), false)
#4 C:\xampp\htdocs\bima\public\index.php(37): CodeIgniter\CodeIgniter->run()
#5 C:\xampp\htdocs\bima\system\Commands\Server\rewrite.php(43): require_once('C:\\xampp\\htdocs...')
#6 {main}
