CRITICAL - 2024-09-24 00:01:37 --> foreach() argument must be of type array|object, string given
#0 C:\xampp\htdocs\bima\app\Views\detail\inpl.php(548): CodeIgniter\Debug\Exceptions->errorHandler(2, 'foreach() argum...', 'C:\\xampp\\htdocs...', 548)
#1 C:\xampp\htdocs\bima\system\View\View.php(210): include('C:\\xampp\\htdocs...')
#2 C:\xampp\htdocs\bima\system\View\View.php(213): CodeIgniter\View\View->CodeIgniter\View\{closure}()
#3 C:\xampp\htdocs\bima\system\Common.php(1089): CodeIgniter\View\View->render('detail/inpl', Array, true)
#4 C:\xampp\htdocs\bima\app\Controllers\User.php(139): view('detail/inpl', Array)
#5 C:\xampp\htdocs\bima\system\CodeIgniter.php(832): App\Controllers\User->inpl('1', '1')
#6 C:\xampp\htdocs\bima\system\CodeIgniter.php(419): CodeIgniter\CodeIgniter->runController(Object(App\Controllers\User))
#7 C:\xampp\htdocs\bima\system\CodeIgniter.php(326): CodeIgniter\CodeIgniter->handleRequest(NULL, Object(Config\Cache), false)
#8 C:\xampp\htdocs\bima\public\index.php(37): CodeIgniter\CodeIgniter->run()
#9 C:\xampp\htdocs\bima\system\Commands\Server\rewrite.php(43): require_once('C:\\xampp\\htdocs...')
#10 {main}
ERROR - 2024-09-24 00:04:55 --> You have an error in your SQL syntax; check the manual that corresponds to your MariaDB server version for the right syntax to use near 'rab WHERE penelitian_id=1 AND dosen_id=1' at line 1
CRITICAL - 2024-09-24 00:04:55 --> You have an error in your SQL syntax; check the manual that corresponds to your MariaDB server version for the right syntax to use near 'rab WHERE penelitian_id=1 AND dosen_id=1' at line 1
#0 C:\xampp\htdocs\bima\system\Database\MySQLi\Connection.php(292): mysqli->query('SELECT * rab WH...', 0)
#1 C:\xampp\htdocs\bima\system\Database\BaseConnection.php(670): CodeIgniter\Database\MySQLi\Connection->execute('SELECT * rab WH...')
#2 C:\xampp\htdocs\bima\system\Database\BaseConnection.php(598): CodeIgniter\Database\BaseConnection->simpleQuery('SELECT * rab WH...')
#3 C:\xampp\htdocs\bima\app\Views\detail\inpl.php(548): CodeIgniter\Database\BaseConnection->query('SELECT * rab WH...')
#4 C:\xampp\htdocs\bima\system\View\View.php(210): include('C:\\xampp\\htdocs...')
#5 C:\xampp\htdocs\bima\system\View\View.php(213): CodeIgniter\View\View->CodeIgniter\View\{closure}()
#6 C:\xampp\htdocs\bima\system\Common.php(1089): CodeIgniter\View\View->render('detail/inpl', Array, true)
#7 C:\xampp\htdocs\bima\app\Controllers\User.php(139): view('detail/inpl', Array)
#8 C:\xampp\htdocs\bima\system\CodeIgniter.php(832): App\Controllers\User->inpl('1', '1')
#9 C:\xampp\htdocs\bima\system\CodeIgniter.php(419): CodeIgniter\CodeIgniter->runController(Object(App\Controllers\User))
#10 C:\xampp\htdocs\bima\system\CodeIgniter.php(326): CodeIgniter\CodeIgniter->handleRequest(NULL, Object(Config\Cache), false)
#11 C:\xampp\htdocs\bima\public\index.php(37): CodeIgniter\CodeIgniter->run()
#12 C:\xampp\htdocs\bima\system\Commands\Server\rewrite.php(43): require_once('C:\\xampp\\htdocs...')
#13 {main}
ERROR - 2024-09-24 00:11:23 --> You have an error in your SQL syntax; check the manual that corresponds to your MariaDB server version for the right syntax to use near 'FROM * rab WHERE penelitian_id=1 AND dosen_id=1' at line 1
CRITICAL - 2024-09-24 00:11:23 --> You have an error in your SQL syntax; check the manual that corresponds to your MariaDB server version for the right syntax to use near 'FROM * rab WHERE penelitian_id=1 AND dosen_id=1' at line 1
#0 C:\xampp\htdocs\bima\system\Database\MySQLi\Connection.php(292): mysqli->query('SELECT FROM * r...', 0)
#1 C:\xampp\htdocs\bima\system\Database\BaseConnection.php(670): CodeIgniter\Database\MySQLi\Connection->execute('SELECT FROM * r...')
#2 C:\xampp\htdocs\bima\system\Database\BaseConnection.php(598): CodeIgniter\Database\BaseConnection->simpleQuery('SELECT FROM * r...')
#3 C:\xampp\htdocs\bima\app\Views\detail\inpl.php(549): CodeIgniter\Database\BaseConnection->query('SELECT FROM * r...')
#4 C:\xampp\htdocs\bima\system\View\View.php(210): include('C:\\xampp\\htdocs...')
#5 C:\xampp\htdocs\bima\system\View\View.php(213): CodeIgniter\View\View->CodeIgniter\View\{closure}()
#6 C:\xampp\htdocs\bima\system\Common.php(1089): CodeIgniter\View\View->render('detail/inpl', Array, true)
#7 C:\xampp\htdocs\bima\app\Controllers\User.php(139): view('detail/inpl', Array)
#8 C:\xampp\htdocs\bima\system\CodeIgniter.php(832): App\Controllers\User->inpl('1', '1')
#9 C:\xampp\htdocs\bima\system\CodeIgniter.php(419): CodeIgniter\CodeIgniter->runController(Object(App\Controllers\User))
#10 C:\xampp\htdocs\bima\system\CodeIgniter.php(326): CodeIgniter\CodeIgniter->handleRequest(NULL, Object(Config\Cache), false)
#11 C:\xampp\htdocs\bima\public\index.php(37): CodeIgniter\CodeIgniter->run()
#12 C:\xampp\htdocs\bima\system\Commands\Server\rewrite.php(43): require_once('C:\\xampp\\htdocs...')
#13 {main}
ERROR - 2024-09-24 00:11:35 --> You have an error in your SQL syntax; check the manual that corresponds to your MariaDB server version for the right syntax to use near 'FROM * rab WHERE penelitian_id=1 AND dosen_id=1' at line 1
CRITICAL - 2024-09-24 00:11:35 --> You have an error in your SQL syntax; check the manual that corresponds to your MariaDB server version for the right syntax to use near 'FROM * rab WHERE penelitian_id=1 AND dosen_id=1' at line 1
#0 C:\xampp\htdocs\bima\system\Database\MySQLi\Connection.php(292): mysqli->query('SELECT FROM * r...', 0)
#1 C:\xampp\htdocs\bima\system\Database\BaseConnection.php(670): CodeIgniter\Database\MySQLi\Connection->execute('SELECT FROM * r...')
#2 C:\xampp\htdocs\bima\system\Database\BaseConnection.php(598): CodeIgniter\Database\BaseConnection->simpleQuery('SELECT FROM * r...')
#3 C:\xampp\htdocs\bima\app\Views\detail\inpl.php(549): CodeIgniter\Database\BaseConnection->query('SELECT FROM * r...')
#4 C:\xampp\htdocs\bima\system\View\View.php(210): include('C:\\xampp\\htdocs...')
#5 C:\xampp\htdocs\bima\system\View\View.php(213): CodeIgniter\View\View->CodeIgniter\View\{closure}()
#6 C:\xampp\htdocs\bima\system\Common.php(1089): CodeIgniter\View\View->render('detail/inpl', Array, true)
#7 C:\xampp\htdocs\bima\app\Controllers\User.php(139): view('detail/inpl', Array)
#8 C:\xampp\htdocs\bima\system\CodeIgniter.php(832): App\Controllers\User->inpl('1', '1')
#9 C:\xampp\htdocs\bima\system\CodeIgniter.php(419): CodeIgniter\CodeIgniter->runController(Object(App\Controllers\User))
#10 C:\xampp\htdocs\bima\system\CodeIgniter.php(326): CodeIgniter\CodeIgniter->handleRequest(NULL, Object(Config\Cache), false)
#11 C:\xampp\htdocs\bima\public\index.php(37): CodeIgniter\CodeIgniter->run()
#12 C:\xampp\htdocs\bima\system\Commands\Server\rewrite.php(43): require_once('C:\\xampp\\htdocs...')
#13 {main}
ERROR - 2024-09-24 00:11:52 --> You have an error in your SQL syntax; check the manual that corresponds to your MariaDB server version for the right syntax to use near 'FROM * rab WHERE penelitian_id=1 AND dosen_id=1' at line 1
CRITICAL - 2024-09-24 00:11:52 --> You have an error in your SQL syntax; check the manual that corresponds to your MariaDB server version for the right syntax to use near 'FROM * rab WHERE penelitian_id=1 AND dosen_id=1' at line 1
#0 C:\xampp\htdocs\bima\system\Database\MySQLi\Connection.php(292): mysqli->query('SELECT FROM * r...', 0)
#1 C:\xampp\htdocs\bima\system\Database\BaseConnection.php(670): CodeIgniter\Database\MySQLi\Connection->execute('SELECT FROM * r...')
#2 C:\xampp\htdocs\bima\system\Database\BaseConnection.php(598): CodeIgniter\Database\BaseConnection->simpleQuery('SELECT FROM * r...')
#3 C:\xampp\htdocs\bima\app\Views\detail\inpl.php(549): CodeIgniter\Database\BaseConnection->query('SELECT FROM * r...')
#4 C:\xampp\htdocs\bima\system\View\View.php(210): include('C:\\xampp\\htdocs...')
#5 C:\xampp\htdocs\bima\system\View\View.php(213): CodeIgniter\View\View->CodeIgniter\View\{closure}()
#6 C:\xampp\htdocs\bima\system\Common.php(1089): CodeIgniter\View\View->render('detail/inpl', Array, true)
#7 C:\xampp\htdocs\bima\app\Controllers\User.php(139): view('detail/inpl', Array)
#8 C:\xampp\htdocs\bima\system\CodeIgniter.php(832): App\Controllers\User->inpl('1', '1')
#9 C:\xampp\htdocs\bima\system\CodeIgniter.php(419): CodeIgniter\CodeIgniter->runController(Object(App\Controllers\User))
#10 C:\xampp\htdocs\bima\system\CodeIgniter.php(326): CodeIgniter\CodeIgniter->handleRequest(NULL, Object(Config\Cache), false)
#11 C:\xampp\htdocs\bima\public\index.php(37): CodeIgniter\CodeIgniter->run()
#12 C:\xampp\htdocs\bima\system\Commands\Server\rewrite.php(43): require_once('C:\\xampp\\htdocs...')
#13 {main}
CRITICAL - 2024-09-24 00:24:32 --> Undefined variable $qry
#0 C:\xampp\htdocs\bima\app\Views\detail\inpl.php(532): CodeIgniter\Debug\Exceptions->errorHandler(2, 'Undefined varia...', 'C:\\xampp\\htdocs...', 532)
#1 C:\xampp\htdocs\bima\system\View\View.php(210): include('C:\\xampp\\htdocs...')
#2 C:\xampp\htdocs\bima\system\View\View.php(213): CodeIgniter\View\View->CodeIgniter\View\{closure}()
#3 C:\xampp\htdocs\bima\system\Common.php(1089): CodeIgniter\View\View->render('detail/inpl', Array, true)
#4 C:\xampp\htdocs\bima\app\Controllers\User.php(139): view('detail/inpl', Array)
#5 C:\xampp\htdocs\bima\system\CodeIgniter.php(832): App\Controllers\User->inpl('1', '1')
#6 C:\xampp\htdocs\bima\system\CodeIgniter.php(419): CodeIgniter\CodeIgniter->runController(Object(App\Controllers\User))
#7 C:\xampp\htdocs\bima\system\CodeIgniter.php(326): CodeIgniter\CodeIgniter->handleRequest(NULL, Object(Config\Cache), false)
#8 C:\xampp\htdocs\bima\public\index.php(37): CodeIgniter\CodeIgniter->run()
#9 C:\xampp\htdocs\bima\system\Commands\Server\rewrite.php(43): require_once('C:\\xampp\\htdocs...')
#10 {main}
CRITICAL - 2024-09-24 00:34:33 --> Undefined array key "tahun"
#0 C:\xampp\htdocs\bima\app\Views\detail\inpl.php(554): CodeIgniter\Debug\Exceptions->errorHandler(2, 'Undefined array...', 'C:\\xampp\\htdocs...', 554)
#1 C:\xampp\htdocs\bima\system\View\View.php(210): include('C:\\xampp\\htdocs...')
#2 C:\xampp\htdocs\bima\system\View\View.php(213): CodeIgniter\View\View->CodeIgniter\View\{closure}()
#3 C:\xampp\htdocs\bima\system\Common.php(1089): CodeIgniter\View\View->render('detail/inpl', Array, true)
#4 C:\xampp\htdocs\bima\app\Controllers\User.php(139): view('detail/inpl', Array)
#5 C:\xampp\htdocs\bima\system\CodeIgniter.php(832): App\Controllers\User->inpl('1', '1')
#6 C:\xampp\htdocs\bima\system\CodeIgniter.php(419): CodeIgniter\CodeIgniter->runController(Object(App\Controllers\User))
#7 C:\xampp\htdocs\bima\system\CodeIgniter.php(326): CodeIgniter\CodeIgniter->handleRequest(NULL, Object(Config\Cache), false)
#8 C:\xampp\htdocs\bima\public\index.php(37): CodeIgniter\CodeIgniter->run()
#9 C:\xampp\htdocs\bima\system\Commands\Server\rewrite.php(43): require_once('C:\\xampp\\htdocs...')
#10 {main}
CRITICAL - 2024-09-24 01:39:44 --> Too few arguments to function App\Controllers\Delete::rab(), 2 passed in C:\xampp\htdocs\bima\system\CodeIgniter.php on line 832 and exactly 3 expected
#0 C:\xampp\htdocs\bima\system\CodeIgniter.php(832): App\Controllers\Delete->rab('1', '1')
#1 C:\xampp\htdocs\bima\system\CodeIgniter.php(419): CodeIgniter\CodeIgniter->runController(Object(App\Controllers\Delete))
#2 C:\xampp\htdocs\bima\system\CodeIgniter.php(326): CodeIgniter\CodeIgniter->handleRequest(NULL, Object(Config\Cache), false)
#3 C:\xampp\htdocs\bima\public\index.php(37): CodeIgniter\CodeIgniter->run()
#4 C:\xampp\htdocs\bima\system\Commands\Server\rewrite.php(43): require_once('C:\\xampp\\htdocs...')
#5 {main}
ERROR - 2024-09-24 01:42:33 --> You have an error in your SQL syntax; check the manual that corresponds to your MariaDB server version for the right syntax to use near '0)' at line 1
CRITICAL - 2024-09-24 01:42:33 --> You have an error in your SQL syntax; check the manual that corresponds to your MariaDB server version for the right syntax to use near '0)' at line 1
#0 C:\xampp\htdocs\bima\system\Database\MySQLi\Connection.php(292): mysqli->query('INSERT INTO rab...', 0)
#1 C:\xampp\htdocs\bima\system\Database\BaseConnection.php(670): CodeIgniter\Database\MySQLi\Connection->execute('INSERT INTO rab...')
#2 C:\xampp\htdocs\bima\system\Database\BaseConnection.php(598): CodeIgniter\Database\BaseConnection->simpleQuery('INSERT INTO rab...')
#3 C:\xampp\htdocs\bima\app\Views\detail\inpl.php(117): CodeIgniter\Database\BaseConnection->query('INSERT INTO rab...')
#4 C:\xampp\htdocs\bima\system\View\View.php(210): include('C:\\xampp\\htdocs...')
#5 C:\xampp\htdocs\bima\system\View\View.php(213): CodeIgniter\View\View->CodeIgniter\View\{closure}()
#6 C:\xampp\htdocs\bima\system\Common.php(1089): CodeIgniter\View\View->render('detail/inpl', Array, true)
#7 C:\xampp\htdocs\bima\app\Controllers\User.php(139): view('detail/inpl', Array)
#8 C:\xampp\htdocs\bima\system\CodeIgniter.php(832): App\Controllers\User->inpl('1', '1')
#9 C:\xampp\htdocs\bima\system\CodeIgniter.php(419): CodeIgniter\CodeIgniter->runController(Object(App\Controllers\User))
#10 C:\xampp\htdocs\bima\system\CodeIgniter.php(326): CodeIgniter\CodeIgniter->handleRequest(NULL, Object(Config\Cache), false)
#11 C:\xampp\htdocs\bima\public\index.php(37): CodeIgniter\CodeIgniter->run()
#12 C:\xampp\htdocs\bima\system\Commands\Server\rewrite.php(43): require_once('C:\\xampp\\htdocs...')
#13 {main}
CRITICAL - 2024-09-24 01:44:59 --> Undefined variable $sql
#0 C:\xampp\htdocs\bima\app\Views\detail\inpl.php(119): CodeIgniter\Debug\Exceptions->errorHandler(2, 'Undefined varia...', 'C:\\xampp\\htdocs...', 119)
#1 C:\xampp\htdocs\bima\system\View\View.php(210): include('C:\\xampp\\htdocs...')
#2 C:\xampp\htdocs\bima\system\View\View.php(213): CodeIgniter\View\View->CodeIgniter\View\{closure}()
#3 C:\xampp\htdocs\bima\system\Common.php(1089): CodeIgniter\View\View->render('detail/inpl', Array, true)
#4 C:\xampp\htdocs\bima\app\Controllers\User.php(139): view('detail/inpl', Array)
#5 C:\xampp\htdocs\bima\system\CodeIgniter.php(832): App\Controllers\User->inpl('1', '1')
#6 C:\xampp\htdocs\bima\system\CodeIgniter.php(419): CodeIgniter\CodeIgniter->runController(Object(App\Controllers\User))
#7 C:\xampp\htdocs\bima\system\CodeIgniter.php(326): CodeIgniter\CodeIgniter->handleRequest(NULL, Object(Config\Cache), false)
#8 C:\xampp\htdocs\bima\public\index.php(37): CodeIgniter\CodeIgniter->run()
#9 C:\xampp\htdocs\bima\system\Commands\Server\rewrite.php(43): require_once('C:\\xampp\\htdocs...')
#10 {main}
CRITICAL - 2024-09-24 01:45:06 --> Undefined variable $sql
#0 C:\xampp\htdocs\bima\app\Views\detail\inpl.php(119): CodeIgniter\Debug\Exceptions->errorHandler(2, 'Undefined varia...', 'C:\\xampp\\htdocs...', 119)
#1 C:\xampp\htdocs\bima\system\View\View.php(210): include('C:\\xampp\\htdocs...')
#2 C:\xampp\htdocs\bima\system\View\View.php(213): CodeIgniter\View\View->CodeIgniter\View\{closure}()
#3 C:\xampp\htdocs\bima\system\Common.php(1089): CodeIgniter\View\View->render('detail/inpl', Array, true)
#4 C:\xampp\htdocs\bima\app\Controllers\User.php(139): view('detail/inpl', Array)
#5 C:\xampp\htdocs\bima\system\CodeIgniter.php(832): App\Controllers\User->inpl('1', '1')
#6 C:\xampp\htdocs\bima\system\CodeIgniter.php(419): CodeIgniter\CodeIgniter->runController(Object(App\Controllers\User))
#7 C:\xampp\htdocs\bima\system\CodeIgniter.php(326): CodeIgniter\CodeIgniter->handleRequest(NULL, Object(Config\Cache), false)
#8 C:\xampp\htdocs\bima\public\index.php(37): CodeIgniter\CodeIgniter->run()
#9 C:\xampp\htdocs\bima\system\Commands\Server\rewrite.php(43): require_once('C:\\xampp\\htdocs...')
#10 {main}
CRITICAL - 2024-09-24 01:45:17 --> Undefined variable $sql
#0 C:\xampp\htdocs\bima\app\Views\detail\inpl.php(119): CodeIgniter\Debug\Exceptions->errorHandler(2, 'Undefined varia...', 'C:\\xampp\\htdocs...', 119)
#1 C:\xampp\htdocs\bima\system\View\View.php(210): include('C:\\xampp\\htdocs...')
#2 C:\xampp\htdocs\bima\system\View\View.php(213): CodeIgniter\View\View->CodeIgniter\View\{closure}()
#3 C:\xampp\htdocs\bima\system\Common.php(1089): CodeIgniter\View\View->render('detail/inpl', Array, true)
#4 C:\xampp\htdocs\bima\app\Controllers\User.php(139): view('detail/inpl', Array)
#5 C:\xampp\htdocs\bima\system\CodeIgniter.php(832): App\Controllers\User->inpl('1', '1')
#6 C:\xampp\htdocs\bima\system\CodeIgniter.php(419): CodeIgniter\CodeIgniter->runController(Object(App\Controllers\User))
#7 C:\xampp\htdocs\bima\system\CodeIgniter.php(326): CodeIgniter\CodeIgniter->handleRequest(NULL, Object(Config\Cache), false)
#8 C:\xampp\htdocs\bima\public\index.php(37): CodeIgniter\CodeIgniter->run()
#9 C:\xampp\htdocs\bima\system\Commands\Server\rewrite.php(43): require_once('C:\\xampp\\htdocs...')
#10 {main}
CRITICAL - 2024-09-24 02:06:28 --> Maximum execution time of 60 seconds exceeded
#0 [internal function]: CodeIgniter\Debug\Exceptions->shutdownHandler()
#1 {main}
CRITICAL - 2024-09-24 02:07:03 --> session_start(): Failed to decode session object. Session has been destroyed
#0 [internal function]: CodeIgniter\Debug\Exceptions->errorHandler(2, 'session_start()...', 'C:\\xampp\\htdocs...', 894)
#1 C:\xampp\htdocs\bima\system\Session\Session.php(894): session_start()
#2 C:\xampp\htdocs\bima\system\Session\Session.php(238): CodeIgniter\Session\Session->startSession()
#3 C:\xampp\htdocs\bima\system\Config\Services.php(577): CodeIgniter\Session\Session->start()
#4 C:\xampp\htdocs\bima\system\Config\BaseService.php(248): CodeIgniter\Config\Services::session(Object(Config\App), false)
#5 C:\xampp\htdocs\bima\system\Config\BaseService.php(189): CodeIgniter\Config\BaseService::__callStatic('session', Array)
#6 C:\xampp\htdocs\bima\system\Config\Services.php(563): CodeIgniter\Config\BaseService::getSharedInstance('session', NULL)
#7 C:\xampp\htdocs\bima\system\Config\BaseService.php(248): CodeIgniter\Config\Services::session()
#8 C:\xampp\htdocs\bima\system\Common.php(901): CodeIgniter\Config\BaseService::__callStatic('session', Array)
#9 C:\xampp\htdocs\bima\vendor\myth\auth\src\Authentication\AuthenticationBase.php(128): session('logged_in')
#10 C:\xampp\htdocs\bima\vendor\myth\auth\src\Authentication\LocalAuthenticator.php(67): Myth\Auth\Authentication\AuthenticationBase->isLoggedIn()
#11 C:\xampp\htdocs\bima\vendor\myth\auth\src\Filters\LoginFilter.php(29): Myth\Auth\Authentication\LocalAuthenticator->check()
#12 C:\xampp\htdocs\bima\system\Filters\Filters.php(173): Myth\Auth\Filters\LoginFilter->before(Object(CodeIgniter\HTTP\IncomingRequest), NULL)
#13 C:\xampp\htdocs\bima\system\CodeIgniter.php(393): CodeIgniter\Filters\Filters->run('listPenelitian', 'before')
#14 C:\xampp\htdocs\bima\system\CodeIgniter.php(326): CodeIgniter\CodeIgniter->handleRequest(NULL, Object(Config\Cache), false)
#15 C:\xampp\htdocs\bima\public\index.php(37): CodeIgniter\CodeIgniter->run()
#16 C:\xampp\htdocs\bima\system\Commands\Server\rewrite.php(43): require_once('C:\\xampp\\htdocs...')
#17 {main}
CRITICAL - 2024-09-24 15:52:59 --> Unclosed '{' does not match ')'
#0 C:\xampp\htdocs\bima\system\View\View.php(213): CodeIgniter\View\View->CodeIgniter\View\{closure}()
#1 C:\xampp\htdocs\bima\system\Common.php(1089): CodeIgniter\View\View->render('detail/inpl', Array, true)
#2 C:\xampp\htdocs\bima\app\Controllers\User.php(139): view('detail/inpl', Array)
#3 C:\xampp\htdocs\bima\system\CodeIgniter.php(832): App\Controllers\User->inpl('1', '1')
#4 C:\xampp\htdocs\bima\system\CodeIgniter.php(419): CodeIgniter\CodeIgniter->runController(Object(App\Controllers\User))
#5 C:\xampp\htdocs\bima\system\CodeIgniter.php(326): CodeIgniter\CodeIgniter->handleRequest(NULL, Object(Config\Cache), false)
#6 C:\xampp\htdocs\bima\public\index.php(37): CodeIgniter\CodeIgniter->run()
#7 C:\xampp\htdocs\bima\system\Commands\Server\rewrite.php(43): require_once('C:\\xampp\\htdocs...')
#8 {main}
CRITICAL - 2024-09-24 18:41:04 --> Undefined array key "tahun"
#0 C:\xampp\htdocs\bima\app\Views\detail\inpl.php(556): CodeIgniter\Debug\Exceptions->errorHandler(2, 'Undefined array...', 'C:\\xampp\\htdocs...', 556)
#1 C:\xampp\htdocs\bima\system\View\View.php(210): include('C:\\xampp\\htdocs...')
#2 C:\xampp\htdocs\bima\system\View\View.php(213): CodeIgniter\View\View->CodeIgniter\View\{closure}()
#3 C:\xampp\htdocs\bima\system\Common.php(1089): CodeIgniter\View\View->render('detail/inpl', Array, true)
#4 C:\xampp\htdocs\bima\app\Controllers\User.php(139): view('detail/inpl', Array)
#5 C:\xampp\htdocs\bima\system\CodeIgniter.php(832): App\Controllers\User->inpl('1', '1')
#6 C:\xampp\htdocs\bima\system\CodeIgniter.php(419): CodeIgniter\CodeIgniter->runController(Object(App\Controllers\User))
#7 C:\xampp\htdocs\bima\system\CodeIgniter.php(326): CodeIgniter\CodeIgniter->handleRequest(NULL, Object(Config\Cache), false)
#8 C:\xampp\htdocs\bima\public\index.php(37): CodeIgniter\CodeIgniter->run()
#9 C:\xampp\htdocs\bima\system\Commands\Server\rewrite.php(43): require_once('C:\\xampp\\htdocs...')
#10 {main}
