CRITICAL - 2024-08-15 02:59:39 --> Undefined variable $title
#0 C:\xampp\htdocs\bima\app\Views\exercise\login.php(40): CodeIgniter\Debug\Exceptions->errorHandler(2, 'Undefined varia...', 'C:\\xampp\\htdocs...', 40)
#1 C:\xampp\htdocs\bima\system\View\View.php(210): include('C:\\xampp\\htdocs...')
#2 C:\xampp\htdocs\bima\system\View\View.php(213): CodeIgniter\View\View->CodeIgniter\View\{closure}()
#3 C:\xampp\htdocs\bima\system\Common.php(1089): CodeIgniter\View\View->render('App\\Views\\Exerc...', Array, true)
#4 C:\xampp\htdocs\bima\vendor\myth\auth\src\Controllers\AuthController.php(412): view('App\\Views\\Exerc...', Array)
#5 C:\xampp\htdocs\bima\vendor\myth\auth\src\Controllers\AuthController.php(58): Myth\Auth\Controllers\AuthController->_render('App\\Views\\Exerc...', Array)
#6 C:\xampp\htdocs\bima\system\CodeIgniter.php(832): Myth\Auth\Controllers\AuthController->login()
#7 C:\xampp\htdocs\bima\system\CodeIgniter.php(419): CodeIgniter\CodeIgniter->runController(Object(Myth\Auth\Controllers\AuthController))
#8 C:\xampp\htdocs\bima\system\CodeIgniter.php(326): CodeIgniter\CodeIgniter->handleRequest(NULL, Object(Config\Cache), false)
#9 C:\xampp\htdocs\bima\public\index.php(37): CodeIgniter\CodeIgniter->run()
#10 C:\xampp\htdocs\bima\system\Commands\Server\rewrite.php(43): require_once('C:\\xampp\\htdocs...')
#11 {main}
CRITICAL - 2024-08-15 03:09:03 --> Undefined variable $title
#0 C:\xampp\htdocs\bima\app\Views\exercise\login.php(40): CodeIgniter\Debug\Exceptions->errorHandler(2, 'Undefined varia...', 'C:\\xampp\\htdocs...', 40)
#1 C:\xampp\htdocs\bima\system\View\View.php(210): include('C:\\xampp\\htdocs...')
#2 C:\xampp\htdocs\bima\system\View\View.php(213): CodeIgniter\View\View->CodeIgniter\View\{closure}()
#3 C:\xampp\htdocs\bima\system\Common.php(1089): CodeIgniter\View\View->render('\\App\\Views\\Exer...', Array, true)
#4 C:\xampp\htdocs\bima\vendor\myth\auth\src\Controllers\AuthController.php(412): view('\\App\\Views\\Exer...', Array)
#5 C:\xampp\htdocs\bima\vendor\myth\auth\src\Controllers\AuthController.php(58): Myth\Auth\Controllers\AuthController->_render('\\App\\Views\\Exer...', Array)
#6 C:\xampp\htdocs\bima\system\CodeIgniter.php(832): Myth\Auth\Controllers\AuthController->login()
#7 C:\xampp\htdocs\bima\system\CodeIgniter.php(419): CodeIgniter\CodeIgniter->runController(Object(Myth\Auth\Controllers\AuthController))
#8 C:\xampp\htdocs\bima\system\CodeIgniter.php(326): CodeIgniter\CodeIgniter->handleRequest(NULL, Object(Config\Cache), false)
#9 C:\xampp\htdocs\bima\public\index.php(37): CodeIgniter\CodeIgniter->run()
#10 C:\xampp\htdocs\bima\system\Commands\Server\rewrite.php(43): require_once('C:\\xampp\\htdocs...')
#11 {main}
CRITICAL - 2024-08-15 03:10:51 --> Undefined variable $title
#0 C:\xampp\htdocs\bima\app\Views\exercise\login.php(40): CodeIgniter\Debug\Exceptions->errorHandler(2, 'Undefined varia...', 'C:\\xampp\\htdocs...', 40)
#1 C:\xampp\htdocs\bima\system\View\View.php(210): include('C:\\xampp\\htdocs...')
#2 C:\xampp\htdocs\bima\system\View\View.php(213): CodeIgniter\View\View->CodeIgniter\View\{closure}()
#3 C:\xampp\htdocs\bima\system\Common.php(1089): CodeIgniter\View\View->render('\\App\\Views\\exer...', Array, true)
#4 C:\xampp\htdocs\bima\vendor\myth\auth\src\Controllers\AuthController.php(412): view('\\App\\Views\\exer...', Array)
#5 C:\xampp\htdocs\bima\vendor\myth\auth\src\Controllers\AuthController.php(58): Myth\Auth\Controllers\AuthController->_render('\\App\\Views\\exer...', Array)
#6 C:\xampp\htdocs\bima\system\CodeIgniter.php(832): Myth\Auth\Controllers\AuthController->login()
#7 C:\xampp\htdocs\bima\system\CodeIgniter.php(419): CodeIgniter\CodeIgniter->runController(Object(Myth\Auth\Controllers\AuthController))
#8 C:\xampp\htdocs\bima\system\CodeIgniter.php(326): CodeIgniter\CodeIgniter->handleRequest(NULL, Object(Config\Cache), false)
#9 C:\xampp\htdocs\bima\public\index.php(37): CodeIgniter\CodeIgniter->run()
#10 C:\xampp\htdocs\bima\system\Commands\Server\rewrite.php(43): require_once('C:\\xampp\\htdocs...')
#11 {main}
CRITICAL - 2024-08-15 03:11:43 --> Undefined variable $title
#0 C:\xampp\htdocs\bima\app\Views\exercise\login.php(40): CodeIgniter\Debug\Exceptions->errorHandler(2, 'Undefined varia...', 'C:\\xampp\\htdocs...', 40)
#1 C:\xampp\htdocs\bima\system\View\View.php(210): include('C:\\xampp\\htdocs...')
#2 C:\xampp\htdocs\bima\system\View\View.php(213): CodeIgniter\View\View->CodeIgniter\View\{closure}()
#3 C:\xampp\htdocs\bima\system\Common.php(1089): CodeIgniter\View\View->render('\\App\\Views\\exer...', Array, true)
#4 C:\xampp\htdocs\bima\vendor\myth\auth\src\Controllers\AuthController.php(412): view('\\App\\Views\\exer...', Array)
#5 C:\xampp\htdocs\bima\vendor\myth\auth\src\Controllers\AuthController.php(58): Myth\Auth\Controllers\AuthController->_render('\\App\\Views\\exer...', Array)
#6 C:\xampp\htdocs\bima\system\CodeIgniter.php(832): Myth\Auth\Controllers\AuthController->login()
#7 C:\xampp\htdocs\bima\system\CodeIgniter.php(419): CodeIgniter\CodeIgniter->runController(Object(Myth\Auth\Controllers\AuthController))
#8 C:\xampp\htdocs\bima\system\CodeIgniter.php(326): CodeIgniter\CodeIgniter->handleRequest(NULL, Object(Config\Cache), false)
#9 C:\xampp\htdocs\bima\public\index.php(37): CodeIgniter\CodeIgniter->run()
#10 C:\xampp\htdocs\bima\system\Commands\Server\rewrite.php(43): require_once('C:\\xampp\\htdocs...')
#11 {main}
CRITICAL - 2024-08-15 03:11:58 --> Undefined variable $title
#0 C:\xampp\htdocs\bima\app\Views\exercise\login.php(40): CodeIgniter\Debug\Exceptions->errorHandler(2, 'Undefined varia...', 'C:\\xampp\\htdocs...', 40)
#1 C:\xampp\htdocs\bima\system\View\View.php(210): include('C:\\xampp\\htdocs...')
#2 C:\xampp\htdocs\bima\system\View\View.php(213): CodeIgniter\View\View->CodeIgniter\View\{closure}()
#3 C:\xampp\htdocs\bima\system\Common.php(1089): CodeIgniter\View\View->render('\\App\\Views\\exer...', Array, true)
#4 C:\xampp\htdocs\bima\vendor\myth\auth\src\Controllers\AuthController.php(412): view('\\App\\Views\\exer...', Array)
#5 C:\xampp\htdocs\bima\vendor\myth\auth\src\Controllers\AuthController.php(58): Myth\Auth\Controllers\AuthController->_render('\\App\\Views\\exer...', Array)
#6 C:\xampp\htdocs\bima\system\CodeIgniter.php(832): Myth\Auth\Controllers\AuthController->login()
#7 C:\xampp\htdocs\bima\system\CodeIgniter.php(419): CodeIgniter\CodeIgniter->runController(Object(Myth\Auth\Controllers\AuthController))
#8 C:\xampp\htdocs\bima\system\CodeIgniter.php(326): CodeIgniter\CodeIgniter->handleRequest(NULL, Object(Config\Cache), false)
#9 C:\xampp\htdocs\bima\public\index.php(37): CodeIgniter\CodeIgniter->run()
#10 C:\xampp\htdocs\bima\system\Commands\Server\rewrite.php(43): require_once('C:\\xampp\\htdocs...')
#11 {main}
CRITICAL - 2024-08-15 06:17:26 --> Undefined variable $title
#0 C:\xampp\htdocs\bima\app\Views\exercise\login.php(40): CodeIgniter\Debug\Exceptions->errorHandler(2, 'Undefined varia...', 'C:\\xampp\\htdocs...', 40)
#1 C:\xampp\htdocs\bima\system\View\View.php(210): include('C:\\xampp\\htdocs...')
#2 C:\xampp\htdocs\bima\system\View\View.php(213): CodeIgniter\View\View->CodeIgniter\View\{closure}()
#3 C:\xampp\htdocs\bima\system\Common.php(1089): CodeIgniter\View\View->render('\\App\\Views\\exer...', Array, true)
#4 C:\xampp\htdocs\bima\vendor\myth\auth\src\Controllers\AuthController.php(412): view('\\App\\Views\\exer...', Array)
#5 C:\xampp\htdocs\bima\vendor\myth\auth\src\Controllers\AuthController.php(58): Myth\Auth\Controllers\AuthController->_render('\\App\\Views\\exer...', Array)
#6 C:\xampp\htdocs\bima\system\CodeIgniter.php(832): Myth\Auth\Controllers\AuthController->login()
#7 C:\xampp\htdocs\bima\system\CodeIgniter.php(419): CodeIgniter\CodeIgniter->runController(Object(Myth\Auth\Controllers\AuthController))
#8 C:\xampp\htdocs\bima\system\CodeIgniter.php(326): CodeIgniter\CodeIgniter->handleRequest(NULL, Object(Config\Cache), false)
#9 C:\xampp\htdocs\bima\public\index.php(37): CodeIgniter\CodeIgniter->run()
#10 C:\xampp\htdocs\bima\system\Commands\Server\rewrite.php(43): require_once('C:\\xampp\\htdocs...')
#11 {main}
CRITICAL - 2024-08-15 06:21:41 --> Undefined variable $title
#0 C:\xampp\htdocs\bima\app\Views\exercise\register.php(40): CodeIgniter\Debug\Exceptions->errorHandler(2, 'Undefined varia...', 'C:\\xampp\\htdocs...', 40)
#1 C:\xampp\htdocs\bima\system\View\View.php(210): include('C:\\xampp\\htdocs...')
#2 C:\xampp\htdocs\bima\system\View\View.php(213): CodeIgniter\View\View->CodeIgniter\View\{closure}()
#3 C:\xampp\htdocs\bima\system\Common.php(1089): CodeIgniter\View\View->render('\\App\\Views\\exer...', Array, true)
#4 C:\xampp\htdocs\bima\vendor\myth\auth\src\Controllers\AuthController.php(412): view('\\App\\Views\\exer...', Array)
#5 C:\xampp\htdocs\bima\vendor\myth\auth\src\Controllers\AuthController.php(133): Myth\Auth\Controllers\AuthController->_render('\\App\\Views\\exer...', Array)
#6 C:\xampp\htdocs\bima\system\CodeIgniter.php(832): Myth\Auth\Controllers\AuthController->register()
#7 C:\xampp\htdocs\bima\system\CodeIgniter.php(419): CodeIgniter\CodeIgniter->runController(Object(Myth\Auth\Controllers\AuthController))
#8 C:\xampp\htdocs\bima\system\CodeIgniter.php(326): CodeIgniter\CodeIgniter->handleRequest(NULL, Object(Config\Cache), false)
#9 C:\xampp\htdocs\bima\public\index.php(37): CodeIgniter\CodeIgniter->run()
#10 C:\xampp\htdocs\bima\system\Commands\Server\rewrite.php(43): require_once('C:\\xampp\\htdocs...')
#11 {main}
CRITICAL - 2024-08-15 06:21:50 --> Undefined variable $title
#0 C:\xampp\htdocs\bima\app\Views\exercise\register.php(40): CodeIgniter\Debug\Exceptions->errorHandler(2, 'Undefined varia...', 'C:\\xampp\\htdocs...', 40)
#1 C:\xampp\htdocs\bima\system\View\View.php(210): include('C:\\xampp\\htdocs...')
#2 C:\xampp\htdocs\bima\system\View\View.php(213): CodeIgniter\View\View->CodeIgniter\View\{closure}()
#3 C:\xampp\htdocs\bima\system\Common.php(1089): CodeIgniter\View\View->render('\\App\\Views\\exer...', Array, true)
#4 C:\xampp\htdocs\bima\vendor\myth\auth\src\Controllers\AuthController.php(412): view('\\App\\Views\\exer...', Array)
#5 C:\xampp\htdocs\bima\vendor\myth\auth\src\Controllers\AuthController.php(133): Myth\Auth\Controllers\AuthController->_render('\\App\\Views\\exer...', Array)
#6 C:\xampp\htdocs\bima\system\CodeIgniter.php(832): Myth\Auth\Controllers\AuthController->register()
#7 C:\xampp\htdocs\bima\system\CodeIgniter.php(419): CodeIgniter\CodeIgniter->runController(Object(Myth\Auth\Controllers\AuthController))
#8 C:\xampp\htdocs\bima\system\CodeIgniter.php(326): CodeIgniter\CodeIgniter->handleRequest(NULL, Object(Config\Cache), false)
#9 C:\xampp\htdocs\bima\public\index.php(37): CodeIgniter\CodeIgniter->run()
#10 C:\xampp\htdocs\bima\system\Commands\Server\rewrite.php(43): require_once('C:\\xampp\\htdocs...')
#11 {main}
CRITICAL - 2024-08-15 16:25:14 --> Undefined variable $title
#0 C:\xampp\htdocs\bima\app\Views\exercise\login.php(40): CodeIgniter\Debug\Exceptions->errorHandler(2, 'Undefined varia...', 'C:\\xampp\\htdocs...', 40)
#1 C:\xampp\htdocs\bima\system\View\View.php(210): include('C:\\xampp\\htdocs...')
#2 C:\xampp\htdocs\bima\system\View\View.php(213): CodeIgniter\View\View->CodeIgniter\View\{closure}()
#3 C:\xampp\htdocs\bima\system\Common.php(1089): CodeIgniter\View\View->render('\\App\\Views\\exer...', Array, true)
#4 C:\xampp\htdocs\bima\vendor\myth\auth\src\Controllers\AuthController.php(412): view('\\App\\Views\\exer...', Array)
#5 C:\xampp\htdocs\bima\vendor\myth\auth\src\Controllers\AuthController.php(58): Myth\Auth\Controllers\AuthController->_render('\\App\\Views\\exer...', Array)
#6 C:\xampp\htdocs\bima\system\CodeIgniter.php(832): Myth\Auth\Controllers\AuthController->login()
#7 C:\xampp\htdocs\bima\system\CodeIgniter.php(419): CodeIgniter\CodeIgniter->runController(Object(Myth\Auth\Controllers\AuthController))
#8 C:\xampp\htdocs\bima\system\CodeIgniter.php(326): CodeIgniter\CodeIgniter->handleRequest(NULL, Object(Config\Cache), false)
#9 C:\xampp\htdocs\bima\public\index.php(37): CodeIgniter\CodeIgniter->run()
#10 C:\xampp\htdocs\bima\system\Commands\Server\rewrite.php(43): require_once('C:\\xampp\\htdocs...')
#11 {main}
CRITICAL - 2024-08-15 16:28:15 --> Undefined variable $title
#0 C:\xampp\htdocs\bima\app\Views\exercise\register.php(40): CodeIgniter\Debug\Exceptions->errorHandler(2, 'Undefined varia...', 'C:\\xampp\\htdocs...', 40)
#1 C:\xampp\htdocs\bima\system\View\View.php(210): include('C:\\xampp\\htdocs...')
#2 C:\xampp\htdocs\bima\system\View\View.php(213): CodeIgniter\View\View->CodeIgniter\View\{closure}()
#3 C:\xampp\htdocs\bima\system\Common.php(1089): CodeIgniter\View\View->render('\\App\\Views\\exer...', Array, true)
#4 C:\xampp\htdocs\bima\vendor\myth\auth\src\Controllers\AuthController.php(412): view('\\App\\Views\\exer...', Array)
#5 C:\xampp\htdocs\bima\vendor\myth\auth\src\Controllers\AuthController.php(133): Myth\Auth\Controllers\AuthController->_render('\\App\\Views\\exer...', Array)
#6 C:\xampp\htdocs\bima\system\CodeIgniter.php(832): Myth\Auth\Controllers\AuthController->register()
#7 C:\xampp\htdocs\bima\system\CodeIgniter.php(419): CodeIgniter\CodeIgniter->runController(Object(Myth\Auth\Controllers\AuthController))
#8 C:\xampp\htdocs\bima\system\CodeIgniter.php(326): CodeIgniter\CodeIgniter->handleRequest(NULL, Object(Config\Cache), false)
#9 C:\xampp\htdocs\bima\public\index.php(37): CodeIgniter\CodeIgniter->run()
#10 C:\xampp\htdocs\bima\system\Commands\Server\rewrite.php(43): require_once('C:\\xampp\\htdocs...')
#11 {main}
