CRITICAL - 2024-08-24 08:33:46 --> Call to undefined method App\Models\DosenMDL::searhAdminID
#0 C:\xampp\htdocs\bima\app\Controllers\User.php(34): CodeIgniter\Model->__call('searhAdminID', Array)
#1 C:\xampp\htdocs\bima\system\CodeIgniter.php(832): App\Controllers\User->index()
#2 C:\xampp\htdocs\bima\system\CodeIgniter.php(419): CodeIgniter\CodeIgniter->runController(Object(App\Controllers\User))
#3 C:\xampp\htdocs\bima\system\CodeIgniter.php(326): CodeIgniter\CodeIgniter->handleRequest(NULL, Object(Config\Cache), false)
#4 C:\xampp\htdocs\bima\public\index.php(37): CodeIgniter\CodeIgniter->run()
#5 C:\xampp\htdocs\bima\system\Commands\Server\rewrite.php(43): require_once('C:\\xampp\\htdocs...')
#6 {main}
CRITICAL - 2024-08-24 08:41:31 --> Undefined variable $title
#0 C:\xampp\htdocs\bima\app\Views\user\dashboard.php(14): CodeIgniter\Debug\Exceptions->errorHandler(2, 'Undefined varia...', 'C:\\xampp\\htdocs...', 14)
#1 C:\xampp\htdocs\bima\system\View\View.php(210): include('C:\\xampp\\htdocs...')
#2 C:\xampp\htdocs\bima\system\View\View.php(213): CodeIgniter\View\View->CodeIgniter\View\{closure}()
#3 C:\xampp\htdocs\bima\system\Common.php(1089): CodeIgniter\View\View->render('user/dashboard', Array, true)
#4 C:\xampp\htdocs\bima\app\Controllers\User.php(36): view('user/dashboard', Array)
#5 C:\xampp\htdocs\bima\system\CodeIgniter.php(832): App\Controllers\User->index()
#6 C:\xampp\htdocs\bima\system\CodeIgniter.php(419): CodeIgniter\CodeIgniter->runController(Object(App\Controllers\User))
#7 C:\xampp\htdocs\bima\system\CodeIgniter.php(326): CodeIgniter\CodeIgniter->handleRequest(NULL, Object(Config\Cache), false)
#8 C:\xampp\htdocs\bima\public\index.php(37): CodeIgniter\CodeIgniter->run()
#9 C:\xampp\htdocs\bima\system\Commands\Server\rewrite.php(43): require_once('C:\\xampp\\htdocs...')
#10 {main}
CRITICAL - 2024-08-24 08:44:43 --> Undefined variable $user
#0 C:\xampp\htdocs\bima\app\Views\user\dashboard.php(5): CodeIgniter\Debug\Exceptions->errorHandler(2, 'Undefined varia...', 'C:\\xampp\\htdocs...', 5)
#1 C:\xampp\htdocs\bima\system\View\View.php(210): include('C:\\xampp\\htdocs...')
#2 C:\xampp\htdocs\bima\system\View\View.php(213): CodeIgniter\View\View->CodeIgniter\View\{closure}()
#3 C:\xampp\htdocs\bima\system\Common.php(1089): CodeIgniter\View\View->render('user/dashboard', Array, true)
#4 C:\xampp\htdocs\bima\app\Controllers\User.php(36): view('user/dashboard', Array)
#5 C:\xampp\htdocs\bima\system\CodeIgniter.php(832): App\Controllers\User->index()
#6 C:\xampp\htdocs\bima\system\CodeIgniter.php(419): CodeIgniter\CodeIgniter->runController(Object(App\Controllers\User))
#7 C:\xampp\htdocs\bima\system\CodeIgniter.php(326): CodeIgniter\CodeIgniter->handleRequest(NULL, Object(Config\Cache), false)
#8 C:\xampp\htdocs\bima\public\index.php(37): CodeIgniter\CodeIgniter->run()
#9 C:\xampp\htdocs\bima\system\Commands\Server\rewrite.php(43): require_once('C:\\xampp\\htdocs...')
#10 {main}
CRITICAL - 2024-08-24 08:47:01 --> Undefined variable $title
#0 C:\xampp\htdocs\bima\app\Views\user\dashboard.php(15): CodeIgniter\Debug\Exceptions->errorHandler(2, 'Undefined varia...', 'C:\\xampp\\htdocs...', 15)
#1 C:\xampp\htdocs\bima\system\View\View.php(210): include('C:\\xampp\\htdocs...')
#2 C:\xampp\htdocs\bima\system\View\View.php(213): CodeIgniter\View\View->CodeIgniter\View\{closure}()
#3 C:\xampp\htdocs\bima\system\Common.php(1089): CodeIgniter\View\View->render('user/dashboard', Array, true)
#4 C:\xampp\htdocs\bima\app\Controllers\User.php(36): view('user/dashboard', Array)
#5 C:\xampp\htdocs\bima\system\CodeIgniter.php(832): App\Controllers\User->index()
#6 C:\xampp\htdocs\bima\system\CodeIgniter.php(419): CodeIgniter\CodeIgniter->runController(Object(App\Controllers\User))
#7 C:\xampp\htdocs\bima\system\CodeIgniter.php(326): CodeIgniter\CodeIgniter->handleRequest(NULL, Object(Config\Cache), false)
#8 C:\xampp\htdocs\bima\public\index.php(37): CodeIgniter\CodeIgniter->run()
#9 C:\xampp\htdocs\bima\system\Commands\Server\rewrite.php(43): require_once('C:\\xampp\\htdocs...')
#10 {main}
CRITICAL - 2024-08-24 10:18:32 --> Trying to access array offset on value of type null
#0 C:\xampp\htdocs\bima\app\Views\user\dashboard.php(108): CodeIgniter\Debug\Exceptions->errorHandler(2, 'Trying to acces...', 'C:\\xampp\\htdocs...', 108)
#1 C:\xampp\htdocs\bima\system\View\View.php(210): include('C:\\xampp\\htdocs...')
#2 C:\xampp\htdocs\bima\system\View\View.php(213): CodeIgniter\View\View->CodeIgniter\View\{closure}()
#3 C:\xampp\htdocs\bima\system\Common.php(1089): CodeIgniter\View\View->render('user/dashboard', Array, true)
#4 C:\xampp\htdocs\bima\app\Controllers\User.php(33): view('user/dashboard', Array)
#5 C:\xampp\htdocs\bima\system\CodeIgniter.php(832): App\Controllers\User->index()
#6 C:\xampp\htdocs\bima\system\CodeIgniter.php(419): CodeIgniter\CodeIgniter->runController(Object(App\Controllers\User))
#7 C:\xampp\htdocs\bima\system\CodeIgniter.php(326): CodeIgniter\CodeIgniter->handleRequest(NULL, Object(Config\Cache), false)
#8 C:\xampp\htdocs\bima\public\index.php(37): CodeIgniter\CodeIgniter->run()
#9 C:\xampp\htdocs\bima\system\Commands\Server\rewrite.php(43): require_once('C:\\xampp\\htdocs...')
#10 {main}
ERROR - 2024-08-24 10:24:32 --> Column 'id' in on clause is ambiguous
CRITICAL - 2024-08-24 10:24:32 --> Column 'id' in on clause is ambiguous
#0 C:\xampp\htdocs\bima\system\Database\MySQLi\Connection.php(292): mysqli->query('SELECT *\nFROM `...', 0)
#1 C:\xampp\htdocs\bima\system\Database\BaseConnection.php(670): CodeIgniter\Database\MySQLi\Connection->execute('SELECT *\nFROM `...')
#2 C:\xampp\htdocs\bima\system\Database\BaseConnection.php(598): CodeIgniter\Database\BaseConnection->simpleQuery('SELECT *\nFROM `...')
#3 C:\xampp\htdocs\bima\system\Database\BaseBuilder.php(1455): CodeIgniter\Database\BaseConnection->query('SELECT *\nFROM `...', Array, false)
#4 C:\xampp\htdocs\bima\system\Model.php(183): CodeIgniter\Database\BaseBuilder->get()
#5 C:\xampp\htdocs\bima\system\BaseModel.php(584): CodeIgniter\Model->doFindAll(0, 0)
#6 C:\xampp\htdocs\bima\app\Models\DosenMDL.php(21): CodeIgniter\BaseModel->findAll()
#7 C:\xampp\htdocs\bima\app\Controllers\User.php(31): App\Models\DosenMDL->searchDosen('1')
#8 C:\xampp\htdocs\bima\system\CodeIgniter.php(832): App\Controllers\User->index()
#9 C:\xampp\htdocs\bima\system\CodeIgniter.php(419): CodeIgniter\CodeIgniter->runController(Object(App\Controllers\User))
#10 C:\xampp\htdocs\bima\system\CodeIgniter.php(326): CodeIgniter\CodeIgniter->handleRequest(NULL, Object(Config\Cache), false)
#11 C:\xampp\htdocs\bima\public\index.php(37): CodeIgniter\CodeIgniter->run()
#12 C:\xampp\htdocs\bima\system\Commands\Server\rewrite.php(43): require_once('C:\\xampp\\htdocs...')
#13 {main}
ERROR - 2024-08-24 10:24:36 --> Column 'id' in on clause is ambiguous
CRITICAL - 2024-08-24 10:24:36 --> Column 'id' in on clause is ambiguous
#0 C:\xampp\htdocs\bima\system\Database\MySQLi\Connection.php(292): mysqli->query('SELECT *\nFROM `...', 0)
#1 C:\xampp\htdocs\bima\system\Database\BaseConnection.php(670): CodeIgniter\Database\MySQLi\Connection->execute('SELECT *\nFROM `...')
#2 C:\xampp\htdocs\bima\system\Database\BaseConnection.php(598): CodeIgniter\Database\BaseConnection->simpleQuery('SELECT *\nFROM `...')
#3 C:\xampp\htdocs\bima\system\Database\BaseBuilder.php(1455): CodeIgniter\Database\BaseConnection->query('SELECT *\nFROM `...', Array, false)
#4 C:\xampp\htdocs\bima\system\Model.php(183): CodeIgniter\Database\BaseBuilder->get()
#5 C:\xampp\htdocs\bima\system\BaseModel.php(584): CodeIgniter\Model->doFindAll(0, 0)
#6 C:\xampp\htdocs\bima\app\Models\DosenMDL.php(21): CodeIgniter\BaseModel->findAll()
#7 C:\xampp\htdocs\bima\app\Controllers\User.php(31): App\Models\DosenMDL->searchDosen('1')
#8 C:\xampp\htdocs\bima\system\CodeIgniter.php(832): App\Controllers\User->index()
#9 C:\xampp\htdocs\bima\system\CodeIgniter.php(419): CodeIgniter\CodeIgniter->runController(Object(App\Controllers\User))
#10 C:\xampp\htdocs\bima\system\CodeIgniter.php(326): CodeIgniter\CodeIgniter->handleRequest(NULL, Object(Config\Cache), false)
#11 C:\xampp\htdocs\bima\public\index.php(37): CodeIgniter\CodeIgniter->run()
#12 C:\xampp\htdocs\bima\system\Commands\Server\rewrite.php(43): require_once('C:\\xampp\\htdocs...')
#13 {main}
CRITICAL - 2024-08-24 10:32:32 --> Undefined array key "nidn"
#0 C:\xampp\htdocs\bima\app\Views\user\dashboard.php(109): CodeIgniter\Debug\Exceptions->errorHandler(2, 'Undefined array...', 'C:\\xampp\\htdocs...', 109)
#1 C:\xampp\htdocs\bima\system\View\View.php(210): include('C:\\xampp\\htdocs...')
#2 C:\xampp\htdocs\bima\system\View\View.php(213): CodeIgniter\View\View->CodeIgniter\View\{closure}()
#3 C:\xampp\htdocs\bima\system\Common.php(1089): CodeIgniter\View\View->render('user/dashboard', Array, true)
#4 C:\xampp\htdocs\bima\app\Controllers\User.php(33): view('user/dashboard', Array)
#5 C:\xampp\htdocs\bima\system\CodeIgniter.php(832): App\Controllers\User->index()
#6 C:\xampp\htdocs\bima\system\CodeIgniter.php(419): CodeIgniter\CodeIgniter->runController(Object(App\Controllers\User))
#7 C:\xampp\htdocs\bima\system\CodeIgniter.php(326): CodeIgniter\CodeIgniter->handleRequest(NULL, Object(Config\Cache), false)
#8 C:\xampp\htdocs\bima\public\index.php(37): CodeIgniter\CodeIgniter->run()
#9 C:\xampp\htdocs\bima\system\Commands\Server\rewrite.php(43): require_once('C:\\xampp\\htdocs...')
#10 {main}
CRITICAL - 2024-08-24 10:33:22 --> Undefined array key "program _studi"
#0 C:\xampp\htdocs\bima\app\Views\user\dashboard.php(111): CodeIgniter\Debug\Exceptions->errorHandler(2, 'Undefined array...', 'C:\\xampp\\htdocs...', 111)
#1 C:\xampp\htdocs\bima\system\View\View.php(210): include('C:\\xampp\\htdocs...')
#2 C:\xampp\htdocs\bima\system\View\View.php(213): CodeIgniter\View\View->CodeIgniter\View\{closure}()
#3 C:\xampp\htdocs\bima\system\Common.php(1089): CodeIgniter\View\View->render('user/dashboard', Array, true)
#4 C:\xampp\htdocs\bima\app\Controllers\User.php(33): view('user/dashboard', Array)
#5 C:\xampp\htdocs\bima\system\CodeIgniter.php(832): App\Controllers\User->index()
#6 C:\xampp\htdocs\bima\system\CodeIgniter.php(419): CodeIgniter\CodeIgniter->runController(Object(App\Controllers\User))
#7 C:\xampp\htdocs\bima\system\CodeIgniter.php(326): CodeIgniter\CodeIgniter->handleRequest(NULL, Object(Config\Cache), false)
#8 C:\xampp\htdocs\bima\public\index.php(37): CodeIgniter\CodeIgniter->run()
#9 C:\xampp\htdocs\bima\system\Commands\Server\rewrite.php(43): require_once('C:\\xampp\\htdocs...')
#10 {main}
CRITICAL - 2024-08-24 10:46:43 --> Undefined array key "program _studi"
#0 C:\xampp\htdocs\bima\app\Views\user\dashboard.php(111): CodeIgniter\Debug\Exceptions->errorHandler(2, 'Undefined array...', 'C:\\xampp\\htdocs...', 111)
#1 C:\xampp\htdocs\bima\system\View\View.php(210): include('C:\\xampp\\htdocs...')
#2 C:\xampp\htdocs\bima\system\View\View.php(213): CodeIgniter\View\View->CodeIgniter\View\{closure}()
#3 C:\xampp\htdocs\bima\system\Common.php(1089): CodeIgniter\View\View->render('user/dashboard', Array, true)
#4 C:\xampp\htdocs\bima\app\Controllers\User.php(33): view('user/dashboard', Array)
#5 C:\xampp\htdocs\bima\system\CodeIgniter.php(832): App\Controllers\User->index()
#6 C:\xampp\htdocs\bima\system\CodeIgniter.php(419): CodeIgniter\CodeIgniter->runController(Object(App\Controllers\User))
#7 C:\xampp\htdocs\bima\system\CodeIgniter.php(326): CodeIgniter\CodeIgniter->handleRequest(NULL, Object(Config\Cache), false)
#8 C:\xampp\htdocs\bima\public\index.php(37): CodeIgniter\CodeIgniter->run()
#9 C:\xampp\htdocs\bima\system\Commands\Server\rewrite.php(43): require_once('C:\\xampp\\htdocs...')
#10 {main}
CRITICAL - 2024-08-24 10:47:43 --> Undefined array key "program _studi"
#0 C:\xampp\htdocs\bima\app\Views\user\dashboard.php(111): CodeIgniter\Debug\Exceptions->errorHandler(2, 'Undefined array...', 'C:\\xampp\\htdocs...', 111)
#1 C:\xampp\htdocs\bima\system\View\View.php(210): include('C:\\xampp\\htdocs...')
#2 C:\xampp\htdocs\bima\system\View\View.php(213): CodeIgniter\View\View->CodeIgniter\View\{closure}()
#3 C:\xampp\htdocs\bima\system\Common.php(1089): CodeIgniter\View\View->render('user/dashboard', Array, true)
#4 C:\xampp\htdocs\bima\app\Controllers\User.php(33): view('user/dashboard', Array)
#5 C:\xampp\htdocs\bima\system\CodeIgniter.php(832): App\Controllers\User->index()
#6 C:\xampp\htdocs\bima\system\CodeIgniter.php(419): CodeIgniter\CodeIgniter->runController(Object(App\Controllers\User))
#7 C:\xampp\htdocs\bima\system\CodeIgniter.php(326): CodeIgniter\CodeIgniter->handleRequest(NULL, Object(Config\Cache), false)
#8 C:\xampp\htdocs\bima\public\index.php(37): CodeIgniter\CodeIgniter->run()
#9 C:\xampp\htdocs\bima\system\Commands\Server\rewrite.php(43): require_once('C:\\xampp\\htdocs...')
#10 {main}
CRITICAL - 2024-08-24 10:48:19 --> Undefined array key "program _studi"
#0 C:\xampp\htdocs\bima\app\Views\user\dashboard.php(111): CodeIgniter\Debug\Exceptions->errorHandler(2, 'Undefined array...', 'C:\\xampp\\htdocs...', 111)
#1 C:\xampp\htdocs\bima\system\View\View.php(210): include('C:\\xampp\\htdocs...')
#2 C:\xampp\htdocs\bima\system\View\View.php(213): CodeIgniter\View\View->CodeIgniter\View\{closure}()
#3 C:\xampp\htdocs\bima\system\Common.php(1089): CodeIgniter\View\View->render('user/dashboard', Array, true)
#4 C:\xampp\htdocs\bima\app\Controllers\User.php(33): view('user/dashboard', Array)
#5 C:\xampp\htdocs\bima\system\CodeIgniter.php(832): App\Controllers\User->index()
#6 C:\xampp\htdocs\bima\system\CodeIgniter.php(419): CodeIgniter\CodeIgniter->runController(Object(App\Controllers\User))
#7 C:\xampp\htdocs\bima\system\CodeIgniter.php(326): CodeIgniter\CodeIgniter->handleRequest(NULL, Object(Config\Cache), false)
#8 C:\xampp\htdocs\bima\public\index.php(37): CodeIgniter\CodeIgniter->run()
#9 C:\xampp\htdocs\bima\system\Commands\Server\rewrite.php(43): require_once('C:\\xampp\\htdocs...')
#10 {main}
CRITICAL - 2024-08-24 10:50:44 --> Undefined array key "program _studi"
#0 C:\xampp\htdocs\bima\app\Views\user\dashboard.php(111): CodeIgniter\Debug\Exceptions->errorHandler(2, 'Undefined array...', 'C:\\xampp\\htdocs...', 111)
#1 C:\xampp\htdocs\bima\system\View\View.php(210): include('C:\\xampp\\htdocs...')
#2 C:\xampp\htdocs\bima\system\View\View.php(213): CodeIgniter\View\View->CodeIgniter\View\{closure}()
#3 C:\xampp\htdocs\bima\system\Common.php(1089): CodeIgniter\View\View->render('user/dashboard', Array, true)
#4 C:\xampp\htdocs\bima\app\Controllers\User.php(33): view('user/dashboard', Array)
#5 C:\xampp\htdocs\bima\system\CodeIgniter.php(832): App\Controllers\User->index()
#6 C:\xampp\htdocs\bima\system\CodeIgniter.php(419): CodeIgniter\CodeIgniter->runController(Object(App\Controllers\User))
#7 C:\xampp\htdocs\bima\system\CodeIgniter.php(326): CodeIgniter\CodeIgniter->handleRequest(NULL, Object(Config\Cache), false)
#8 C:\xampp\htdocs\bima\public\index.php(37): CodeIgniter\CodeIgniter->run()
#9 C:\xampp\htdocs\bima\system\Commands\Server\rewrite.php(43): require_once('C:\\xampp\\htdocs...')
#10 {main}
CRITICAL - 2024-08-24 15:14:51 --> Trying to access array offset on value of type null
#0 C:\xampp\htdocs\bima\app\Views\user\dashboard.php(108): CodeIgniter\Debug\Exceptions->errorHandler(2, 'Trying to acces...', 'C:\\xampp\\htdocs...', 108)
#1 C:\xampp\htdocs\bima\system\View\View.php(210): include('C:\\xampp\\htdocs...')
#2 C:\xampp\htdocs\bima\system\View\View.php(213): CodeIgniter\View\View->CodeIgniter\View\{closure}()
#3 C:\xampp\htdocs\bima\system\Common.php(1089): CodeIgniter\View\View->render('user/dashboard', Array, true)
#4 C:\xampp\htdocs\bima\app\Controllers\User.php(33): view('user/dashboard', Array)
#5 C:\xampp\htdocs\bima\system\CodeIgniter.php(832): App\Controllers\User->index()
#6 C:\xampp\htdocs\bima\system\CodeIgniter.php(419): CodeIgniter\CodeIgniter->runController(Object(App\Controllers\User))
#7 C:\xampp\htdocs\bima\system\CodeIgniter.php(326): CodeIgniter\CodeIgniter->handleRequest(NULL, Object(Config\Cache), false)
#8 C:\xampp\htdocs\bima\public\index.php(37): CodeIgniter\CodeIgniter->run()
#9 C:\xampp\htdocs\bima\system\Commands\Server\rewrite.php(43): require_once('C:\\xampp\\htdocs...')
#10 {main}
CRITICAL - 2024-08-24 15:18:01 --> Trying to access array offset on value of type null
#0 C:\xampp\htdocs\bima\app\Views\user\dashboard.php(108): CodeIgniter\Debug\Exceptions->errorHandler(2, 'Trying to acces...', 'C:\\xampp\\htdocs...', 108)
#1 C:\xampp\htdocs\bima\system\View\View.php(210): include('C:\\xampp\\htdocs...')
#2 C:\xampp\htdocs\bima\system\View\View.php(213): CodeIgniter\View\View->CodeIgniter\View\{closure}()
#3 C:\xampp\htdocs\bima\system\Common.php(1089): CodeIgniter\View\View->render('user/dashboard', Array, true)
#4 C:\xampp\htdocs\bima\app\Controllers\User.php(33): view('user/dashboard', Array)
#5 C:\xampp\htdocs\bima\system\CodeIgniter.php(832): App\Controllers\User->index()
#6 C:\xampp\htdocs\bima\system\CodeIgniter.php(419): CodeIgniter\CodeIgniter->runController(Object(App\Controllers\User))
#7 C:\xampp\htdocs\bima\system\CodeIgniter.php(326): CodeIgniter\CodeIgniter->handleRequest(NULL, Object(Config\Cache), false)
#8 C:\xampp\htdocs\bima\public\index.php(37): CodeIgniter\CodeIgniter->run()
#9 C:\xampp\htdocs\bima\system\Commands\Server\rewrite.php(43): require_once('C:\\xampp\\htdocs...')
#10 {main}
CRITICAL - 2024-08-24 15:20:12 --> Trying to access array offset on value of type null
#0 C:\xampp\htdocs\bima\app\Views\user\dashboard.php(108): CodeIgniter\Debug\Exceptions->errorHandler(2, 'Trying to acces...', 'C:\\xampp\\htdocs...', 108)
#1 C:\xampp\htdocs\bima\system\View\View.php(210): include('C:\\xampp\\htdocs...')
#2 C:\xampp\htdocs\bima\system\View\View.php(213): CodeIgniter\View\View->CodeIgniter\View\{closure}()
#3 C:\xampp\htdocs\bima\system\Common.php(1089): CodeIgniter\View\View->render('user/dashboard', Array, true)
#4 C:\xampp\htdocs\bima\app\Controllers\User.php(33): view('user/dashboard', Array)
#5 C:\xampp\htdocs\bima\system\CodeIgniter.php(832): App\Controllers\User->index()
#6 C:\xampp\htdocs\bima\system\CodeIgniter.php(419): CodeIgniter\CodeIgniter->runController(Object(App\Controllers\User))
#7 C:\xampp\htdocs\bima\system\CodeIgniter.php(326): CodeIgniter\CodeIgniter->handleRequest(NULL, Object(Config\Cache), false)
#8 C:\xampp\htdocs\bima\public\index.php(37): CodeIgniter\CodeIgniter->run()
#9 C:\xampp\htdocs\bima\system\Commands\Server\rewrite.php(43): require_once('C:\\xampp\\htdocs...')
#10 {main}
CRITICAL - 2024-08-24 15:20:23 --> Trying to access array offset on value of type null
#0 C:\xampp\htdocs\bima\app\Views\user\dashboard.php(108): CodeIgniter\Debug\Exceptions->errorHandler(2, 'Trying to acces...', 'C:\\xampp\\htdocs...', 108)
#1 C:\xampp\htdocs\bima\system\View\View.php(210): include('C:\\xampp\\htdocs...')
#2 C:\xampp\htdocs\bima\system\View\View.php(213): CodeIgniter\View\View->CodeIgniter\View\{closure}()
#3 C:\xampp\htdocs\bima\system\Common.php(1089): CodeIgniter\View\View->render('user/dashboard', Array, true)
#4 C:\xampp\htdocs\bima\app\Controllers\User.php(33): view('user/dashboard', Array)
#5 C:\xampp\htdocs\bima\system\CodeIgniter.php(832): App\Controllers\User->index()
#6 C:\xampp\htdocs\bima\system\CodeIgniter.php(419): CodeIgniter\CodeIgniter->runController(Object(App\Controllers\User))
#7 C:\xampp\htdocs\bima\system\CodeIgniter.php(326): CodeIgniter\CodeIgniter->handleRequest(NULL, Object(Config\Cache), false)
#8 C:\xampp\htdocs\bima\public\index.php(37): CodeIgniter\CodeIgniter->run()
#9 C:\xampp\htdocs\bima\system\Commands\Server\rewrite.php(43): require_once('C:\\xampp\\htdocs...')
#10 {main}
CRITICAL - 2024-08-24 15:22:08 --> Trying to access array offset on value of type null
#0 C:\xampp\htdocs\bima\app\Views\user\dashboard.php(108): CodeIgniter\Debug\Exceptions->errorHandler(2, 'Trying to acces...', 'C:\\xampp\\htdocs...', 108)
#1 C:\xampp\htdocs\bima\system\View\View.php(210): include('C:\\xampp\\htdocs...')
#2 C:\xampp\htdocs\bima\system\View\View.php(213): CodeIgniter\View\View->CodeIgniter\View\{closure}()
#3 C:\xampp\htdocs\bima\system\Common.php(1089): CodeIgniter\View\View->render('user/dashboard', Array, true)
#4 C:\xampp\htdocs\bima\app\Controllers\User.php(33): view('user/dashboard', Array)
#5 C:\xampp\htdocs\bima\system\CodeIgniter.php(832): App\Controllers\User->index()
#6 C:\xampp\htdocs\bima\system\CodeIgniter.php(419): CodeIgniter\CodeIgniter->runController(Object(App\Controllers\User))
#7 C:\xampp\htdocs\bima\system\CodeIgniter.php(326): CodeIgniter\CodeIgniter->handleRequest(NULL, Object(Config\Cache), false)
#8 C:\xampp\htdocs\bima\public\index.php(37): CodeIgniter\CodeIgniter->run()
#9 C:\xampp\htdocs\bima\system\Commands\Server\rewrite.php(43): require_once('C:\\xampp\\htdocs...')
#10 {main}
CRITICAL - 2024-08-24 15:22:13 --> Trying to access array offset on value of type null
#0 C:\xampp\htdocs\bima\app\Views\user\dashboard.php(108): CodeIgniter\Debug\Exceptions->errorHandler(2, 'Trying to acces...', 'C:\\xampp\\htdocs...', 108)
#1 C:\xampp\htdocs\bima\system\View\View.php(210): include('C:\\xampp\\htdocs...')
#2 C:\xampp\htdocs\bima\system\View\View.php(213): CodeIgniter\View\View->CodeIgniter\View\{closure}()
#3 C:\xampp\htdocs\bima\system\Common.php(1089): CodeIgniter\View\View->render('user/dashboard', Array, true)
#4 C:\xampp\htdocs\bima\app\Controllers\User.php(33): view('user/dashboard', Array)
#5 C:\xampp\htdocs\bima\system\CodeIgniter.php(832): App\Controllers\User->index()
#6 C:\xampp\htdocs\bima\system\CodeIgniter.php(419): CodeIgniter\CodeIgniter->runController(Object(App\Controllers\User))
#7 C:\xampp\htdocs\bima\system\CodeIgniter.php(326): CodeIgniter\CodeIgniter->handleRequest(NULL, Object(Config\Cache), false)
#8 C:\xampp\htdocs\bima\public\index.php(37): CodeIgniter\CodeIgniter->run()
#9 C:\xampp\htdocs\bima\system\Commands\Server\rewrite.php(43): require_once('C:\\xampp\\htdocs...')
#10 {main}
CRITICAL - 2024-08-24 15:22:17 --> Trying to access array offset on value of type null
#0 C:\xampp\htdocs\bima\app\Views\user\dashboard.php(108): CodeIgniter\Debug\Exceptions->errorHandler(2, 'Trying to acces...', 'C:\\xampp\\htdocs...', 108)
#1 C:\xampp\htdocs\bima\system\View\View.php(210): include('C:\\xampp\\htdocs...')
#2 C:\xampp\htdocs\bima\system\View\View.php(213): CodeIgniter\View\View->CodeIgniter\View\{closure}()
#3 C:\xampp\htdocs\bima\system\Common.php(1089): CodeIgniter\View\View->render('user/dashboard', Array, true)
#4 C:\xampp\htdocs\bima\app\Controllers\User.php(33): view('user/dashboard', Array)
#5 C:\xampp\htdocs\bima\system\CodeIgniter.php(832): App\Controllers\User->index()
#6 C:\xampp\htdocs\bima\system\CodeIgniter.php(419): CodeIgniter\CodeIgniter->runController(Object(App\Controllers\User))
#7 C:\xampp\htdocs\bima\system\CodeIgniter.php(326): CodeIgniter\CodeIgniter->handleRequest(NULL, Object(Config\Cache), false)
#8 C:\xampp\htdocs\bima\public\index.php(37): CodeIgniter\CodeIgniter->run()
#9 C:\xampp\htdocs\bima\system\Commands\Server\rewrite.php(43): require_once('C:\\xampp\\htdocs...')
#10 {main}
CRITICAL - 2024-08-24 15:23:48 --> Trying to access array offset on value of type null
#0 C:\xampp\htdocs\bima\app\Views\user\dashboard.php(108): CodeIgniter\Debug\Exceptions->errorHandler(2, 'Trying to acces...', 'C:\\xampp\\htdocs...', 108)
#1 C:\xampp\htdocs\bima\system\View\View.php(210): include('C:\\xampp\\htdocs...')
#2 C:\xampp\htdocs\bima\system\View\View.php(213): CodeIgniter\View\View->CodeIgniter\View\{closure}()
#3 C:\xampp\htdocs\bima\system\Common.php(1089): CodeIgniter\View\View->render('user/dashboard', Array, true)
#4 C:\xampp\htdocs\bima\app\Controllers\User.php(33): view('user/dashboard', Array)
#5 C:\xampp\htdocs\bima\system\CodeIgniter.php(832): App\Controllers\User->index()
#6 C:\xampp\htdocs\bima\system\CodeIgniter.php(419): CodeIgniter\CodeIgniter->runController(Object(App\Controllers\User))
#7 C:\xampp\htdocs\bima\system\CodeIgniter.php(326): CodeIgniter\CodeIgniter->handleRequest(NULL, Object(Config\Cache), false)
#8 C:\xampp\htdocs\bima\public\index.php(37): CodeIgniter\CodeIgniter->run()
#9 C:\xampp\htdocs\bima\system\Commands\Server\rewrite.php(43): require_once('C:\\xampp\\htdocs...')
#10 {main}
CRITICAL - 2024-08-24 15:25:45 --> Trying to access array offset on value of type null
#0 C:\xampp\htdocs\bima\app\Views\user\dashboard.php(108): CodeIgniter\Debug\Exceptions->errorHandler(2, 'Trying to acces...', 'C:\\xampp\\htdocs...', 108)
#1 C:\xampp\htdocs\bima\system\View\View.php(210): include('C:\\xampp\\htdocs...')
#2 C:\xampp\htdocs\bima\system\View\View.php(213): CodeIgniter\View\View->CodeIgniter\View\{closure}()
#3 C:\xampp\htdocs\bima\system\Common.php(1089): CodeIgniter\View\View->render('user/dashboard', Array, true)
#4 C:\xampp\htdocs\bima\app\Controllers\User.php(33): view('user/dashboard', Array)
#5 C:\xampp\htdocs\bima\system\CodeIgniter.php(832): App\Controllers\User->index()
#6 C:\xampp\htdocs\bima\system\CodeIgniter.php(419): CodeIgniter\CodeIgniter->runController(Object(App\Controllers\User))
#7 C:\xampp\htdocs\bima\system\CodeIgniter.php(326): CodeIgniter\CodeIgniter->handleRequest(NULL, Object(Config\Cache), false)
#8 C:\xampp\htdocs\bima\public\index.php(37): CodeIgniter\CodeIgniter->run()
#9 C:\xampp\htdocs\bima\system\Commands\Server\rewrite.php(43): require_once('C:\\xampp\\htdocs...')
#10 {main}
CRITICAL - 2024-08-24 15:28:20 --> Trying to access array offset on value of type null
#0 C:\xampp\htdocs\bima\app\Views\user\dashboard.php(108): CodeIgniter\Debug\Exceptions->errorHandler(2, 'Trying to acces...', 'C:\\xampp\\htdocs...', 108)
#1 C:\xampp\htdocs\bima\system\View\View.php(210): include('C:\\xampp\\htdocs...')
#2 C:\xampp\htdocs\bima\system\View\View.php(213): CodeIgniter\View\View->CodeIgniter\View\{closure}()
#3 C:\xampp\htdocs\bima\system\Common.php(1089): CodeIgniter\View\View->render('user/dashboard', Array, true)
#4 C:\xampp\htdocs\bima\app\Controllers\User.php(33): view('user/dashboard', Array)
#5 C:\xampp\htdocs\bima\system\CodeIgniter.php(832): App\Controllers\User->index()
#6 C:\xampp\htdocs\bima\system\CodeIgniter.php(419): CodeIgniter\CodeIgniter->runController(Object(App\Controllers\User))
#7 C:\xampp\htdocs\bima\system\CodeIgniter.php(326): CodeIgniter\CodeIgniter->handleRequest(NULL, Object(Config\Cache), false)
#8 C:\xampp\htdocs\bima\public\index.php(37): CodeIgniter\CodeIgniter->run()
#9 C:\xampp\htdocs\bima\system\Commands\Server\rewrite.php(43): require_once('C:\\xampp\\htdocs...')
#10 {main}
CRITICAL - 2024-08-24 16:05:18 --> Trying to access array offset on value of type null
#0 C:\xampp\htdocs\bima\app\Views\user\dashboard.php(108): CodeIgniter\Debug\Exceptions->errorHandler(2, 'Trying to acces...', 'C:\\xampp\\htdocs...', 108)
#1 C:\xampp\htdocs\bima\system\View\View.php(210): include('C:\\xampp\\htdocs...')
#2 C:\xampp\htdocs\bima\system\View\View.php(213): CodeIgniter\View\View->CodeIgniter\View\{closure}()
#3 C:\xampp\htdocs\bima\system\Common.php(1089): CodeIgniter\View\View->render('user/dashboard', Array, true)
#4 C:\xampp\htdocs\bima\app\Controllers\User.php(33): view('user/dashboard', Array)
#5 C:\xampp\htdocs\bima\system\CodeIgniter.php(832): App\Controllers\User->index()
#6 C:\xampp\htdocs\bima\system\CodeIgniter.php(419): CodeIgniter\CodeIgniter->runController(Object(App\Controllers\User))
#7 C:\xampp\htdocs\bima\system\CodeIgniter.php(326): CodeIgniter\CodeIgniter->handleRequest(NULL, Object(Config\Cache), false)
#8 C:\xampp\htdocs\bima\public\index.php(37): CodeIgniter\CodeIgniter->run()
#9 C:\xampp\htdocs\bima\system\Commands\Server\rewrite.php(43): require_once('C:\\xampp\\htdocs...')
#10 {main}
CRITICAL - 2024-08-24 16:07:01 --> Trying to access array offset on value of type null
#0 C:\xampp\htdocs\bima\app\Views\user\dashboard.php(108): CodeIgniter\Debug\Exceptions->errorHandler(2, 'Trying to acces...', 'C:\\xampp\\htdocs...', 108)
#1 C:\xampp\htdocs\bima\system\View\View.php(210): include('C:\\xampp\\htdocs...')
#2 C:\xampp\htdocs\bima\system\View\View.php(213): CodeIgniter\View\View->CodeIgniter\View\{closure}()
#3 C:\xampp\htdocs\bima\system\Common.php(1089): CodeIgniter\View\View->render('user/dashboard', Array, true)
#4 C:\xampp\htdocs\bima\app\Controllers\User.php(33): view('user/dashboard', Array)
#5 C:\xampp\htdocs\bima\system\CodeIgniter.php(832): App\Controllers\User->index()
#6 C:\xampp\htdocs\bima\system\CodeIgniter.php(419): CodeIgniter\CodeIgniter->runController(Object(App\Controllers\User))
#7 C:\xampp\htdocs\bima\system\CodeIgniter.php(326): CodeIgniter\CodeIgniter->handleRequest(NULL, Object(Config\Cache), false)
#8 C:\xampp\htdocs\bima\public\index.php(37): CodeIgniter\CodeIgniter->run()
#9 C:\xampp\htdocs\bima\system\Commands\Server\rewrite.php(43): require_once('C:\\xampp\\htdocs...')
#10 {main}
CRITICAL - 2024-08-24 16:09:19 --> Trying to access array offset on value of type null
#0 C:\xampp\htdocs\bima\app\Views\user\dashboard.php(108): CodeIgniter\Debug\Exceptions->errorHandler(2, 'Trying to acces...', 'C:\\xampp\\htdocs...', 108)
#1 C:\xampp\htdocs\bima\system\View\View.php(210): include('C:\\xampp\\htdocs...')
#2 C:\xampp\htdocs\bima\system\View\View.php(213): CodeIgniter\View\View->CodeIgniter\View\{closure}()
#3 C:\xampp\htdocs\bima\system\Common.php(1089): CodeIgniter\View\View->render('user/dashboard', Array, true)
#4 C:\xampp\htdocs\bima\app\Controllers\User.php(33): view('user/dashboard', Array)
#5 C:\xampp\htdocs\bima\system\CodeIgniter.php(832): App\Controllers\User->index()
#6 C:\xampp\htdocs\bima\system\CodeIgniter.php(419): CodeIgniter\CodeIgniter->runController(Object(App\Controllers\User))
#7 C:\xampp\htdocs\bima\system\CodeIgniter.php(326): CodeIgniter\CodeIgniter->handleRequest(NULL, Object(Config\Cache), false)
#8 C:\xampp\htdocs\bima\public\index.php(37): CodeIgniter\CodeIgniter->run()
#9 C:\xampp\htdocs\bima\system\Commands\Server\rewrite.php(43): require_once('C:\\xampp\\htdocs...')
#10 {main}
CRITICAL - 2024-08-24 16:33:50 --> Undefined variable $dosen
#0 C:\xampp\htdocs\bima\app\Views\user\dashboard.php(5): CodeIgniter\Debug\Exceptions->errorHandler(2, 'Undefined varia...', 'C:\\xampp\\htdocs...', 5)
#1 C:\xampp\htdocs\bima\system\View\View.php(210): include('C:\\xampp\\htdocs...')
#2 C:\xampp\htdocs\bima\system\View\View.php(213): CodeIgniter\View\View->CodeIgniter\View\{closure}()
#3 C:\xampp\htdocs\bima\system\Common.php(1089): CodeIgniter\View\View->render('user/dashboard', Array, true)
#4 C:\xampp\htdocs\bima\app\Controllers\Submit.php(86): view('user/dashboard', Array)
#5 C:\xampp\htdocs\bima\system\CodeIgniter.php(832): App\Controllers\Submit->dosen()
#6 C:\xampp\htdocs\bima\system\CodeIgniter.php(419): CodeIgniter\CodeIgniter->runController(Object(App\Controllers\Submit))
#7 C:\xampp\htdocs\bima\system\CodeIgniter.php(326): CodeIgniter\CodeIgniter->handleRequest(NULL, Object(Config\Cache), false)
#8 C:\xampp\htdocs\bima\public\index.php(37): CodeIgniter\CodeIgniter->run()
#9 C:\xampp\htdocs\bima\system\Commands\Server\rewrite.php(43): require_once('C:\\xampp\\htdocs...')
#10 {main}
CRITICAL - 2024-08-24 16:39:06 --> Trying to access array offset on value of type null
#0 C:\xampp\htdocs\bima\app\Views\user\dashboard.php(108): CodeIgniter\Debug\Exceptions->errorHandler(2, 'Trying to acces...', 'C:\\xampp\\htdocs...', 108)
#1 C:\xampp\htdocs\bima\system\View\View.php(210): include('C:\\xampp\\htdocs...')
#2 C:\xampp\htdocs\bima\system\View\View.php(213): CodeIgniter\View\View->CodeIgniter\View\{closure}()
#3 C:\xampp\htdocs\bima\system\Common.php(1089): CodeIgniter\View\View->render('user/dashboard', Array, true)
#4 C:\xampp\htdocs\bima\app\Controllers\User.php(33): view('user/dashboard', Array)
#5 C:\xampp\htdocs\bima\system\CodeIgniter.php(832): App\Controllers\User->index()
#6 C:\xampp\htdocs\bima\system\CodeIgniter.php(419): CodeIgniter\CodeIgniter->runController(Object(App\Controllers\User))
#7 C:\xampp\htdocs\bima\system\CodeIgniter.php(326): CodeIgniter\CodeIgniter->handleRequest(NULL, Object(Config\Cache), false)
#8 C:\xampp\htdocs\bima\public\index.php(37): CodeIgniter\CodeIgniter->run()
#9 C:\xampp\htdocs\bima\system\Commands\Server\rewrite.php(43): require_once('C:\\xampp\\htdocs...')
#10 {main}
CRITICAL - 2024-08-24 16:42:18 --> Trying to access array offset on value of type null
#0 C:\xampp\htdocs\bima\app\Views\user\dashboard.php(109): CodeIgniter\Debug\Exceptions->errorHandler(2, 'Trying to acces...', 'C:\\xampp\\htdocs...', 109)
#1 C:\xampp\htdocs\bima\system\View\View.php(210): include('C:\\xampp\\htdocs...')
#2 C:\xampp\htdocs\bima\system\View\View.php(213): CodeIgniter\View\View->CodeIgniter\View\{closure}()
#3 C:\xampp\htdocs\bima\system\Common.php(1089): CodeIgniter\View\View->render('user/dashboard', Array, true)
#4 C:\xampp\htdocs\bima\app\Controllers\User.php(33): view('user/dashboard', Array)
#5 C:\xampp\htdocs\bima\system\CodeIgniter.php(832): App\Controllers\User->index()
#6 C:\xampp\htdocs\bima\system\CodeIgniter.php(419): CodeIgniter\CodeIgniter->runController(Object(App\Controllers\User))
#7 C:\xampp\htdocs\bima\system\CodeIgniter.php(326): CodeIgniter\CodeIgniter->handleRequest(NULL, Object(Config\Cache), false)
#8 C:\xampp\htdocs\bima\public\index.php(37): CodeIgniter\CodeIgniter->run()
#9 C:\xampp\htdocs\bima\system\Commands\Server\rewrite.php(43): require_once('C:\\xampp\\htdocs...')
#10 {main}
CRITICAL - 2024-08-24 16:42:34 --> Trying to access array offset on value of type null
#0 C:\xampp\htdocs\bima\app\Views\user\dashboard.php(109): CodeIgniter\Debug\Exceptions->errorHandler(2, 'Trying to acces...', 'C:\\xampp\\htdocs...', 109)
#1 C:\xampp\htdocs\bima\system\View\View.php(210): include('C:\\xampp\\htdocs...')
#2 C:\xampp\htdocs\bima\system\View\View.php(213): CodeIgniter\View\View->CodeIgniter\View\{closure}()
#3 C:\xampp\htdocs\bima\system\Common.php(1089): CodeIgniter\View\View->render('user/dashboard', Array, true)
#4 C:\xampp\htdocs\bima\app\Controllers\User.php(33): view('user/dashboard', Array)
#5 C:\xampp\htdocs\bima\system\CodeIgniter.php(832): App\Controllers\User->index()
#6 C:\xampp\htdocs\bima\system\CodeIgniter.php(419): CodeIgniter\CodeIgniter->runController(Object(App\Controllers\User))
#7 C:\xampp\htdocs\bima\system\CodeIgniter.php(326): CodeIgniter\CodeIgniter->handleRequest(NULL, Object(Config\Cache), false)
#8 C:\xampp\htdocs\bima\public\index.php(37): CodeIgniter\CodeIgniter->run()
#9 C:\xampp\htdocs\bima\system\Commands\Server\rewrite.php(43): require_once('C:\\xampp\\htdocs...')
#10 {main}
CRITICAL - 2024-08-24 16:42:54 --> Trying to access array offset on value of type null
#0 C:\xampp\htdocs\bima\app\Views\user\dashboard.php(109): CodeIgniter\Debug\Exceptions->errorHandler(2, 'Trying to acces...', 'C:\\xampp\\htdocs...', 109)
#1 C:\xampp\htdocs\bima\system\View\View.php(210): include('C:\\xampp\\htdocs...')
#2 C:\xampp\htdocs\bima\system\View\View.php(213): CodeIgniter\View\View->CodeIgniter\View\{closure}()
#3 C:\xampp\htdocs\bima\system\Common.php(1089): CodeIgniter\View\View->render('user/dashboard', Array, true)
#4 C:\xampp\htdocs\bima\app\Controllers\User.php(33): view('user/dashboard', Array)
#5 C:\xampp\htdocs\bima\system\CodeIgniter.php(832): App\Controllers\User->index()
#6 C:\xampp\htdocs\bima\system\CodeIgniter.php(419): CodeIgniter\CodeIgniter->runController(Object(App\Controllers\User))
#7 C:\xampp\htdocs\bima\system\CodeIgniter.php(326): CodeIgniter\CodeIgniter->handleRequest(NULL, Object(Config\Cache), false)
#8 C:\xampp\htdocs\bima\public\index.php(37): CodeIgniter\CodeIgniter->run()
#9 C:\xampp\htdocs\bima\system\Commands\Server\rewrite.php(43): require_once('C:\\xampp\\htdocs...')
#10 {main}
CRITICAL - 2024-08-24 16:43:55 --> Trying to access array offset on value of type null
#0 C:\xampp\htdocs\bima\app\Views\user\dashboard.php(109): CodeIgniter\Debug\Exceptions->errorHandler(2, 'Trying to acces...', 'C:\\xampp\\htdocs...', 109)
#1 C:\xampp\htdocs\bima\system\View\View.php(210): include('C:\\xampp\\htdocs...')
#2 C:\xampp\htdocs\bima\system\View\View.php(213): CodeIgniter\View\View->CodeIgniter\View\{closure}()
#3 C:\xampp\htdocs\bima\system\Common.php(1089): CodeIgniter\View\View->render('user/dashboard', Array, true)
#4 C:\xampp\htdocs\bima\app\Controllers\User.php(33): view('user/dashboard', Array)
#5 C:\xampp\htdocs\bima\system\CodeIgniter.php(832): App\Controllers\User->index()
#6 C:\xampp\htdocs\bima\system\CodeIgniter.php(419): CodeIgniter\CodeIgniter->runController(Object(App\Controllers\User))
#7 C:\xampp\htdocs\bima\system\CodeIgniter.php(326): CodeIgniter\CodeIgniter->handleRequest(NULL, Object(Config\Cache), false)
#8 C:\xampp\htdocs\bima\public\index.php(37): CodeIgniter\CodeIgniter->run()
#9 C:\xampp\htdocs\bima\system\Commands\Server\rewrite.php(43): require_once('C:\\xampp\\htdocs...')
#10 {main}
ERROR - 2024-08-24 17:04:13 --> Column 'id' in where clause is ambiguous
CRITICAL - 2024-08-24 17:04:13 --> Column 'id' in where clause is ambiguous
#0 C:\xampp\htdocs\bima\system\Database\MySQLi\Connection.php(292): mysqli->query('SELECT *\nFROM `...', 0)
#1 C:\xampp\htdocs\bima\system\Database\BaseConnection.php(670): CodeIgniter\Database\MySQLi\Connection->execute('SELECT *\nFROM `...')
#2 C:\xampp\htdocs\bima\system\Database\BaseConnection.php(598): CodeIgniter\Database\BaseConnection->simpleQuery('SELECT *\nFROM `...')
#3 C:\xampp\htdocs\bima\system\Database\BaseBuilder.php(1455): CodeIgniter\Database\BaseConnection->query('SELECT *\nFROM `...', Array, false)
#4 C:\xampp\htdocs\bima\system\Model.php(183): CodeIgniter\Database\BaseBuilder->get()
#5 C:\xampp\htdocs\bima\system\BaseModel.php(584): CodeIgniter\Model->doFindAll(0, 0)
#6 C:\xampp\htdocs\bima\app\Models\DosenMDL.php(24): CodeIgniter\BaseModel->findAll()
#7 C:\xampp\htdocs\bima\app\Controllers\User.php(31): App\Models\DosenMDL->searchDosen('1')
#8 C:\xampp\htdocs\bima\system\CodeIgniter.php(832): App\Controllers\User->index()
#9 C:\xampp\htdocs\bima\system\CodeIgniter.php(419): CodeIgniter\CodeIgniter->runController(Object(App\Controllers\User))
#10 C:\xampp\htdocs\bima\system\CodeIgniter.php(326): CodeIgniter\CodeIgniter->handleRequest(NULL, Object(Config\Cache), false)
#11 C:\xampp\htdocs\bima\public\index.php(37): CodeIgniter\CodeIgniter->run()
#12 C:\xampp\htdocs\bima\system\Commands\Server\rewrite.php(43): require_once('C:\\xampp\\htdocs...')
#13 {main}
CRITICAL - 2024-08-24 20:28:35 --> Undefined array key "overall"
#0 C:\xampp\htdocs\bima\app\Views\user\dashboard.php(138): CodeIgniter\Debug\Exceptions->errorHandler(2, 'Undefined array...', 'C:\\xampp\\htdocs...', 138)
#1 C:\xampp\htdocs\bima\system\View\View.php(210): include('C:\\xampp\\htdocs...')
#2 C:\xampp\htdocs\bima\system\View\View.php(213): CodeIgniter\View\View->CodeIgniter\View\{closure}()
#3 C:\xampp\htdocs\bima\system\Common.php(1089): CodeIgniter\View\View->render('user/dashboard', Array, true)
#4 C:\xampp\htdocs\bima\app\Controllers\User.php(33): view('user/dashboard', Array)
#5 C:\xampp\htdocs\bima\system\CodeIgniter.php(832): App\Controllers\User->index()
#6 C:\xampp\htdocs\bima\system\CodeIgniter.php(419): CodeIgniter\CodeIgniter->runController(Object(App\Controllers\User))
#7 C:\xampp\htdocs\bima\system\CodeIgniter.php(326): CodeIgniter\CodeIgniter->handleRequest(NULL, Object(Config\Cache), false)
#8 C:\xampp\htdocs\bima\public\index.php(37): CodeIgniter\CodeIgniter->run()
#9 C:\xampp\htdocs\bima\system\Commands\Server\rewrite.php(43): require_once('C:\\xampp\\htdocs...')
#10 {main}
CRITICAL - 2024-08-24 08:32:04 --> syntax error, unexpected token "if"
#0 C:\xampp\htdocs\bima\system\Autoloader\Autoloader.php(241): CodeIgniter\Autoloader\Autoloader->includeFile('C:\\xampp\\htdocs...')
#1 C:\xampp\htdocs\bima\system\Autoloader\Autoloader.php(219): CodeIgniter\Autoloader\Autoloader->loadInNamespace('App\\Models\\Dose...')
#2 C:\xampp\htdocs\bima\app\Controllers\User.php(16): CodeIgniter\Autoloader\Autoloader->loadClass('App\\Models\\Dose...')
#3 C:\xampp\htdocs\bima\system\CodeIgniter.php(809): App\Controllers\User->__construct()
#4 C:\xampp\htdocs\bima\system\CodeIgniter.php(410): CodeIgniter\CodeIgniter->createController()
#5 C:\xampp\htdocs\bima\system\CodeIgniter.php(326): CodeIgniter\CodeIgniter->handleRequest(NULL, Object(Config\Cache), false)
#6 C:\xampp\htdocs\bima\public\index.php(37): CodeIgniter\CodeIgniter->run()
#7 C:\xampp\htdocs\bima\system\Commands\Server\rewrite.php(43): require_once('C:\\xampp\\htdocs...')
#8 {main}
CRITICAL - 2024-08-24 20:33:32 --> Undefined array key "h_index"
#0 C:\xampp\htdocs\bima\app\Views\user\dashboard.php(143): CodeIgniter\Debug\Exceptions->errorHandler(2, 'Undefined array...', 'C:\\xampp\\htdocs...', 143)
#1 C:\xampp\htdocs\bima\system\View\View.php(210): include('C:\\xampp\\htdocs...')
#2 C:\xampp\htdocs\bima\system\View\View.php(213): CodeIgniter\View\View->CodeIgniter\View\{closure}()
#3 C:\xampp\htdocs\bima\system\Common.php(1089): CodeIgniter\View\View->render('user/dashboard', Array, true)
#4 C:\xampp\htdocs\bima\app\Controllers\User.php(33): view('user/dashboard', Array)
#5 C:\xampp\htdocs\bima\system\CodeIgniter.php(832): App\Controllers\User->index()
#6 C:\xampp\htdocs\bima\system\CodeIgniter.php(419): CodeIgniter\CodeIgniter->runController(Object(App\Controllers\User))
#7 C:\xampp\htdocs\bima\system\CodeIgniter.php(326): CodeIgniter\CodeIgniter->handleRequest(NULL, Object(Config\Cache), false)
#8 C:\xampp\htdocs\bima\public\index.php(37): CodeIgniter\CodeIgniter->run()
#9 C:\xampp\htdocs\bima\system\Commands\Server\rewrite.php(43): require_once('C:\\xampp\\htdocs...')
#10 {main}
ERROR - 2024-08-24 20:35:39 --> Unknown column 'doseb.id' in 'on clause'
CRITICAL - 2024-08-24 20:35:39 --> Unknown column 'doseb.id' in 'on clause'
#0 C:\xampp\htdocs\bima\system\Database\MySQLi\Connection.php(292): mysqli->query('SELECT *\nFROM `...', 0)
#1 C:\xampp\htdocs\bima\system\Database\BaseConnection.php(670): CodeIgniter\Database\MySQLi\Connection->execute('SELECT *\nFROM `...')
#2 C:\xampp\htdocs\bima\system\Database\BaseConnection.php(598): CodeIgniter\Database\BaseConnection->simpleQuery('SELECT *\nFROM `...')
#3 C:\xampp\htdocs\bima\system\Database\BaseBuilder.php(1455): CodeIgniter\Database\BaseConnection->query('SELECT *\nFROM `...', Array, false)
#4 C:\xampp\htdocs\bima\system\Model.php(183): CodeIgniter\Database\BaseBuilder->get()
#5 C:\xampp\htdocs\bima\system\BaseModel.php(584): CodeIgniter\Model->doFindAll(0, 0)
#6 C:\xampp\htdocs\bima\app\Models\DosenMDL.php(26): CodeIgniter\BaseModel->findAll()
#7 C:\xampp\htdocs\bima\app\Controllers\User.php(31): App\Models\DosenMDL->searchDosen('1')
#8 C:\xampp\htdocs\bima\system\CodeIgniter.php(832): App\Controllers\User->index()
#9 C:\xampp\htdocs\bima\system\CodeIgniter.php(419): CodeIgniter\CodeIgniter->runController(Object(App\Controllers\User))
#10 C:\xampp\htdocs\bima\system\CodeIgniter.php(326): CodeIgniter\CodeIgniter->handleRequest(NULL, Object(Config\Cache), false)
#11 C:\xampp\htdocs\bima\public\index.php(37): CodeIgniter\CodeIgniter->run()
#12 C:\xampp\htdocs\bima\system\Commands\Server\rewrite.php(43): require_once('C:\\xampp\\htdocs...')
#13 {main}
CRITICAL - 2024-08-24 20:43:07 --> Undefined array key "pebelitian"
#0 C:\xampp\htdocs\bima\app\Views\user\dashboard.php(34): CodeIgniter\Debug\Exceptions->errorHandler(2, 'Undefined array...', 'C:\\xampp\\htdocs...', 34)
#1 C:\xampp\htdocs\bima\system\View\View.php(210): include('C:\\xampp\\htdocs...')
#2 C:\xampp\htdocs\bima\system\View\View.php(213): CodeIgniter\View\View->CodeIgniter\View\{closure}()
#3 C:\xampp\htdocs\bima\system\Common.php(1089): CodeIgniter\View\View->render('user/dashboard', Array, true)
#4 C:\xampp\htdocs\bima\app\Controllers\User.php(33): view('user/dashboard', Array)
#5 C:\xampp\htdocs\bima\system\CodeIgniter.php(832): App\Controllers\User->index()
#6 C:\xampp\htdocs\bima\system\CodeIgniter.php(419): CodeIgniter\CodeIgniter->runController(Object(App\Controllers\User))
#7 C:\xampp\htdocs\bima\system\CodeIgniter.php(326): CodeIgniter\CodeIgniter->handleRequest(NULL, Object(Config\Cache), false)
#8 C:\xampp\htdocs\bima\public\index.php(37): CodeIgniter\CodeIgniter->run()
#9 C:\xampp\htdocs\bima\system\Commands\Server\rewrite.php(43): require_once('C:\\xampp\\htdocs...')
#10 {main}
