CRITICAL - 2024-09-29 23:15:10 --> Undefined variable $rab_detail1
#0 C:\xampp\htdocs\bima\app\Controllers\User.php(133): CodeIgniter\Debug\Exceptions->errorHandler(2, 'Undefined varia...', 'C:\\xampp\\htdocs...', 133)
#1 C:\xampp\htdocs\bima\system\CodeIgniter.php(832): App\Controllers\User->inpl('1', '1')
#2 C:\xampp\htdocs\bima\system\CodeIgniter.php(419): CodeIgniter\CodeIgniter->runController(Object(App\Controllers\User))
#3 C:\xampp\htdocs\bima\system\CodeIgniter.php(326): CodeIgniter\CodeIgniter->handleRequest(NULL, Object(Config\Cache), false)
#4 C:\xampp\htdocs\bima\public\index.php(37): CodeIgniter\CodeIgniter->run()
#5 C:\xampp\htdocs\bima\system\Commands\Server\rewrite.php(43): require_once('C:\\xampp\\htdocs...')
#6 {main}
CRITICAL - 2024-09-29 23:17:28 --> Undefined variable $rab_detail1
#0 C:\xampp\htdocs\bima\app\Controllers\User.php(133): CodeIgniter\Debug\Exceptions->errorHandler(2, 'Undefined varia...', 'C:\\xampp\\htdocs...', 133)
#1 C:\xampp\htdocs\bima\system\CodeIgniter.php(832): App\Controllers\User->inpl('1', '1')
#2 C:\xampp\htdocs\bima\system\CodeIgniter.php(419): CodeIgniter\CodeIgniter->runController(Object(App\Controllers\User))
#3 C:\xampp\htdocs\bima\system\CodeIgniter.php(326): CodeIgniter\CodeIgniter->handleRequest(NULL, Object(Config\Cache), false)
#4 C:\xampp\htdocs\bima\public\index.php(37): CodeIgniter\CodeIgniter->run()
#5 C:\xampp\htdocs\bima\system\Commands\Server\rewrite.php(43): require_once('C:\\xampp\\htdocs...')
#6 {main}
CRITICAL - 2024-09-29 23:20:42 --> Undefined variable $rab_detail1
#0 C:\xampp\htdocs\bima\app\Controllers\User.php(133): CodeIgniter\Debug\Exceptions->errorHandler(2, 'Undefined varia...', 'C:\\xampp\\htdocs...', 133)
#1 C:\xampp\htdocs\bima\system\CodeIgniter.php(832): App\Controllers\User->inpl('1', '1')
#2 C:\xampp\htdocs\bima\system\CodeIgniter.php(419): CodeIgniter\CodeIgniter->runController(Object(App\Controllers\User))
#3 C:\xampp\htdocs\bima\system\CodeIgniter.php(326): CodeIgniter\CodeIgniter->handleRequest(NULL, Object(Config\Cache), false)
#4 C:\xampp\htdocs\bima\public\index.php(37): CodeIgniter\CodeIgniter->run()
#5 C:\xampp\htdocs\bima\system\Commands\Server\rewrite.php(43): require_once('C:\\xampp\\htdocs...')
#6 {main}
CRITICAL - 2024-09-29 23:29:40 --> Undefined variable $currentPage_nondosen
#0 C:\xampp\htdocs\bima\app\Controllers\User.php(124): CodeIgniter\Debug\Exceptions->errorHandler(2, 'Undefined varia...', 'C:\\xampp\\htdocs...', 124)
#1 C:\xampp\htdocs\bima\system\CodeIgniter.php(832): App\Controllers\User->inpl('1', '1')
#2 C:\xampp\htdocs\bima\system\CodeIgniter.php(419): CodeIgniter\CodeIgniter->runController(Object(App\Controllers\User))
#3 C:\xampp\htdocs\bima\system\CodeIgniter.php(326): CodeIgniter\CodeIgniter->handleRequest(NULL, Object(Config\Cache), false)
#4 C:\xampp\htdocs\bima\public\index.php(37): CodeIgniter\CodeIgniter->run()
#5 C:\xampp\htdocs\bima\system\Commands\Server\rewrite.php(43): require_once('C:\\xampp\\htdocs...')
#6 {main}
CRITICAL - 2024-09-29 23:47:16 --> Undefined array key "dana_direncanakan"
#0 C:\xampp\htdocs\bima\app\Views\detail\inpl.php(418): CodeIgniter\Debug\Exceptions->errorHandler(2, 'Undefined array...', 'C:\\xampp\\htdocs...', 418)
#1 C:\xampp\htdocs\bima\system\View\View.php(210): include('C:\\xampp\\htdocs...')
#2 C:\xampp\htdocs\bima\system\View\View.php(213): CodeIgniter\View\View->CodeIgniter\View\{closure}()
#3 C:\xampp\htdocs\bima\system\Common.php(1089): CodeIgniter\View\View->render('detail/inpl', Array, true)
#4 C:\xampp\htdocs\bima\app\Controllers\User.php(136): view('detail/inpl', Array)
#5 C:\xampp\htdocs\bima\system\CodeIgniter.php(832): App\Controllers\User->inpl('1', '1')
#6 C:\xampp\htdocs\bima\system\CodeIgniter.php(419): CodeIgniter\CodeIgniter->runController(Object(App\Controllers\User))
#7 C:\xampp\htdocs\bima\system\CodeIgniter.php(326): CodeIgniter\CodeIgniter->handleRequest(NULL, Object(Config\Cache), false)
#8 C:\xampp\htdocs\bima\public\index.php(37): CodeIgniter\CodeIgniter->run()
#9 C:\xampp\htdocs\bima\system\Commands\Server\rewrite.php(43): require_once('C:\\xampp\\htdocs...')
#10 {main}
