ERROR - 2024-11-03 02:01:20 --> Error connecting to the database: No connection could be made because the target machine actively refused it
CRITICAL - 2024-11-03 02:01:20 --> Unable to connect to the database.
Main connection [MySQLi]: No connection could be made because the target machine actively refused it
#0 C:\xampp\htdocs\bima\system\Database\BaseConnection.php(577): CodeIgniter\Database\BaseConnection->initialize()
#1 C:\xampp\htdocs\bima\system\Database\BaseBuilder.php(1455): CodeIgniter\Database\BaseConnection->query('SELECT *\nFROM `...', Array, false)
#2 C:\xampp\htdocs\bima\system\Model.php(210): CodeIgniter\Database\BaseBuilder->get()
#3 C:\xampp\htdocs\bima\system\BaseModel.php(622): CodeIgniter\Model->doFirst()
#4 C:\xampp\htdocs\bima\vendor\myth\auth\src\Authentication\LocalAuthenticator.php(140): CodeIgniter\BaseModel->first()
#5 C:\xampp\htdocs\bima\vendor\myth\auth\src\Authentication\LocalAuthenticator.php(19): Myth\Auth\Authentication\LocalAuthenticator->validate(Array, true)
#6 C:\xampp\htdocs\bima\vendor\myth\auth\src\Controllers\AuthController.php(87): Myth\Auth\Authentication\LocalAuthenticator->attempt(Array, false)
#7 C:\xampp\htdocs\bima\system\CodeIgniter.php(832): Myth\Auth\Controllers\AuthController->attemptLogin()
#8 C:\xampp\htdocs\bima\system\CodeIgniter.php(419): CodeIgniter\CodeIgniter->runController(Object(Myth\Auth\Controllers\AuthController))
#9 C:\xampp\htdocs\bima\system\CodeIgniter.php(326): CodeIgniter\CodeIgniter->handleRequest(NULL, Object(Config\Cache), false)
#10 C:\xampp\htdocs\bima\public\index.php(37): CodeIgniter\CodeIgniter->run()
#11 C:\xampp\htdocs\bima\system\Commands\Server\rewrite.php(43): require_once('C:\\xampp\\htdocs...')
#12 {main}
CRITICAL - 2024-11-03 09:48:44 --> syntax error, unexpected identifier "dd", expecting "function" or "const"
#0 C:\xampp\htdocs\bima\system\Autoloader\Autoloader.php(241): CodeIgniter\Autoloader\Autoloader->includeFile('C:\\xampp\\htdocs...')
#1 C:\xampp\htdocs\bima\system\Autoloader\Autoloader.php(219): CodeIgniter\Autoloader\Autoloader->loadInNamespace('App\\Models\\Dose...')
#2 C:\xampp\htdocs\bima\app\Controllers\User.php(28): CodeIgniter\Autoloader\Autoloader->loadClass('App\\Models\\Dose...')
#3 C:\xampp\htdocs\bima\system\CodeIgniter.php(809): App\Controllers\User->__construct()
#4 C:\xampp\htdocs\bima\system\CodeIgniter.php(410): CodeIgniter\CodeIgniter->createController()
#5 C:\xampp\htdocs\bima\system\CodeIgniter.php(326): CodeIgniter\CodeIgniter->handleRequest(NULL, Object(Config\Cache), false)
#6 C:\xampp\htdocs\bima\public\index.php(37): CodeIgniter\CodeIgniter->run()
#7 C:\xampp\htdocs\bima\system\Commands\Server\rewrite.php(43): require_once('C:\\xampp\\htdocs...')
#8 {main}
